

====== WebDriver manager ======
Current firefox version is 89.0.2
Get LATEST driver version for 89.0.2
Driver [/Users/m/.wdm/drivers/geckodriver/macos/v0.29.1/geckodriver] found in cache


====== WebDriver manager ======
Current firefox version is 89.0.2
Get LATEST driver version for 89.0.2
Driver [/Users/m/.wdm/drivers/geckodriver/macos/v0.29.1/geckodriver] found in cache


====== WebDriver manager ======
Current firefox version is 89.0.2
Get LATEST driver version for 89.0.2
Driver [/Users/m/.wdm/drivers/geckodriver/macos/v0.29.1/geckodriver] found in cache


====== WebDriver manager ======
Current firefox version is 89.0.2
Get LATEST driver version for 89.0.2
Driver [/Users/m/.wdm/drivers/geckodriver/macos/v0.29.1/geckodriver] found in cache


====== WebDriver manager ======
Current firefox version is 89.0.2
Get LATEST driver version for 89.0.2
Driver [/Users/m/.wdm/drivers/geckodriver/macos/v0.29.1/geckodriver] found in cache


====== WebDriver manager ======
Current firefox version is 89.0.2
Get LATEST driver version for 89.0.2
Driver [/Users/m/.wdm/drivers/geckodriver/macos/v0.29.1/geckodriver] found in cache
#####==========2021-07-14==========#####

START
execucao :  2020


execucao :  2021




receita -  previsto :  2020
receita -  previsto :  2021


receita -  arrecadado :  2020
receita -  arrecadado :  2021


2021-07-14
DONE!
#####==========2021-07-14==========#####



====== WebDriver manager ======
Current firefox version is 89.0.2
Get LATEST driver version for 89.0.2
Driver [/Users/m/.wdm/drivers/geckodriver/macos/v0.29.1/geckodriver] found in cache


====== WebDriver manager ======
Current firefox version is 89.0.2
Get LATEST driver version for 89.0.2
Driver [/Users/m/.wdm/drivers/geckodriver/macos/v0.29.1/geckodriver] found in cache


====== WebDriver manager ======
Current firefox version is 89.0.2
Get LATEST driver version for 89.0.2
Driver [/Users/m/.wdm/drivers/geckodriver/macos/v0.29.1/geckodriver] found in cache


====== WebDriver manager ======
Current firefox version is 89.0.2
Get LATEST driver version for 89.0.2
Driver [/Users/m/.wdm/drivers/geckodriver/macos/v0.29.1/geckodriver] found in cache


====== WebDriver manager ======
Current firefox version is 89.0.2
Get LATEST driver version for 89.0.2
Driver [/Users/m/.wdm/drivers/geckodriver/macos/v0.29.1/geckodriver] found in cache


====== WebDriver manager ======
Current firefox version is 89.0.2
Get LATEST driver version for 89.0.2
Driver [/Users/m/.wdm/drivers/geckodriver/macos/v0.29.1/geckodriver] found in cache
#####==========2021-07-14==========#####

START
execucao :  2020


execucao :  2021




receita -  previsto :  2020
receita -  previsto :  2021


receita -  arrecadado :  2020
receita -  arrecadado :  2021


2021-07-14
DONE!
#####==========2021-07-14==========#####



====== WebDriver manager ======
Current firefox version is 90.0
Get LATEST driver version for 90.0
There is no [macos] geckodriver for browser 90.0 in cache
Get LATEST driver version for 90.0
Getting latest mozilla release info for v0.29.1
Get LATEST driver version for 90.0
Get LATEST driver version for 90.0
Trying to download new driver from https://github.com/mozilla/geckodriver/releases/download/v0.29.1/geckodriver-v0.29.1-macos.tar.gz
Driver has been saved in cache [/Users/m/.wdm/drivers/geckodriver/macos/v0.29.1]


====== WebDriver manager ======
Current firefox version is 90.0
Get LATEST driver version for 90.0
Driver [/Users/m/.wdm/drivers/geckodriver/macos/v0.29.1/geckodriver] found in cache


====== WebDriver manager ======
Current firefox version is 90.0
Get LATEST driver version for 90.0
Driver [/Users/m/.wdm/drivers/geckodriver/macos/v0.29.1/geckodriver] found in cache


====== WebDriver manager ======
Current firefox version is 90.0
Get LATEST driver version for 90.0
Driver [/Users/m/.wdm/drivers/geckodriver/macos/v0.29.1/geckodriver] found in cache


====== WebDriver manager ======
Current firefox version is 90.0
Get LATEST driver version for 90.0
Driver [/Users/m/.wdm/drivers/geckodriver/macos/v0.29.1/geckodriver] found in cache


====== WebDriver manager ======
Current firefox version is 90.0
Get LATEST driver version for 90.0
Driver [/Users/m/.wdm/drivers/geckodriver/macos/v0.29.1/geckodriver] found in cache
#####==========2021-07-15==========#####

START
execucao :  2020


execucao :  2021




receita -  previsto :  2020
receita -  previsto :  2021


receita -  arrecadado :  2020
receita -  arrecadado :  2021


2021-07-15
DONE!
#####==========2021-07-15==========#####



====== WebDriver manager ======
Current firefox version is 90.0
Get LATEST driver version for 90.0
Get LATEST driver version for 90.0
Getting latest mozilla release info for v0.29.1
Get LATEST driver version for 90.0
Get LATEST driver version for 90.0
Trying to download new driver from https://github.com/mozilla/geckodriver/releases/download/v0.29.1/geckodriver-v0.29.1-macos.tar.gz
Driver has been saved in cache [/Users/m/.wdm/drivers/geckodriver/macos/v0.29.1]


====== WebDriver manager ======
Current firefox version is 90.0
Get LATEST driver version for 90.0
Driver [/Users/m/.wdm/drivers/geckodriver/macos/v0.29.1/geckodriver] found in cache


====== WebDriver manager ======
Current firefox version is 90.0
Get LATEST driver version for 90.0
Driver [/Users/m/.wdm/drivers/geckodriver/macos/v0.29.1/geckodriver] found in cache


====== WebDriver manager ======
Current firefox version is 90.0
Get LATEST driver version for 90.0
Driver [/Users/m/.wdm/drivers/geckodriver/macos/v0.29.1/geckodriver] found in cache


====== WebDriver manager ======
Current firefox version is 90.0
Get LATEST driver version for 90.0
Driver [/Users/m/.wdm/drivers/geckodriver/macos/v0.29.1/geckodriver] found in cache


====== WebDriver manager ======
Current firefox version is 90.0
Get LATEST driver version for 90.0
Driver [/Users/m/.wdm/drivers/geckodriver/macos/v0.29.1/geckodriver] found in cache
#####==========2021-07-16==========#####

START
execucao :  2020


execucao :  2021




receita -  previsto :  2020
receita -  previsto :  2021


receita -  arrecadado :  2020
receita -  arrecadado :  2021


2021-07-16
DONE!
#####==========2021-07-16==========#####



====== WebDriver manager ======
Current firefox version is 90.0
Get LATEST driver version for 90.0
Get LATEST driver version for 90.0
Getting latest mozilla release info for v0.29.1
Get LATEST driver version for 90.0
Get LATEST driver version for 90.0
Trying to download new driver from https://github.com/mozilla/geckodriver/releases/download/v0.29.1/geckodriver-v0.29.1-macos.tar.gz
Driver has been saved in cache [/Users/m/.wdm/drivers/geckodriver/macos/v0.29.1]


====== WebDriver manager ======
Current firefox version is 90.0
Get LATEST driver version for 90.0
Driver [/Users/m/.wdm/drivers/geckodriver/macos/v0.29.1/geckodriver] found in cache


====== WebDriver manager ======
Current firefox version is 90.0
Get LATEST driver version for 90.0
Driver [/Users/m/.wdm/drivers/geckodriver/macos/v0.29.1/geckodriver] found in cache


====== WebDriver manager ======
Current firefox version is 90.0
Get LATEST driver version for 90.0
Driver [/Users/m/.wdm/drivers/geckodriver/macos/v0.29.1/geckodriver] found in cache


====== WebDriver manager ======
Current firefox version is 90.0
Get LATEST driver version for 90.0
Driver [/Users/m/.wdm/drivers/geckodriver/macos/v0.29.1/geckodriver] found in cache


====== WebDriver manager ======
Current firefox version is 90.0
Get LATEST driver version for 90.0
Driver [/Users/m/.wdm/drivers/geckodriver/macos/v0.29.1/geckodriver] found in cache
#####==========2021-07-17==========#####

START
execucao :  2020


execucao :  2021




receita -  previsto :  2020
receita -  previsto :  2021


receita -  arrecadado :  2020
receita -  arrecadado :  2021


2021-07-17
DONE!
#####==========2021-07-17==========#####



====== WebDriver manager ======
Current firefox version is 90.0
Get LATEST driver version for 90.0
Get LATEST driver version for 90.0
Getting latest mozilla release info for v0.29.1
Get LATEST driver version for 90.0
Get LATEST driver version for 90.0
Trying to download new driver from https://github.com/mozilla/geckodriver/releases/download/v0.29.1/geckodriver-v0.29.1-macos.tar.gz
Driver has been saved in cache [/Users/m/.wdm/drivers/geckodriver/macos/v0.29.1]


====== WebDriver manager ======
Current firefox version is 90.0
Get LATEST driver version for 90.0
Driver [/Users/m/.wdm/drivers/geckodriver/macos/v0.29.1/geckodriver] found in cache


====== WebDriver manager ======
Current firefox version is 90.0
Get LATEST driver version for 90.0
Driver [/Users/m/.wdm/drivers/geckodriver/macos/v0.29.1/geckodriver] found in cache


====== WebDriver manager ======
Current firefox version is 90.0
Get LATEST driver version for 90.0
Driver [/Users/m/.wdm/drivers/geckodriver/macos/v0.29.1/geckodriver] found in cache


====== WebDriver manager ======
Current firefox version is 90.0
Get LATEST driver version for 90.0
Driver [/Users/m/.wdm/drivers/geckodriver/macos/v0.29.1/geckodriver] found in cache


====== WebDriver manager ======
Current firefox version is 90.0
Get LATEST driver version for 90.0
Driver [/Users/m/.wdm/drivers/geckodriver/macos/v0.29.1/geckodriver] found in cache
#####==========2021-07-18==========#####

START
execucao :  2020


execucao :  2021




receita -  previsto :  2020
receita -  previsto :  2021


receita -  arrecadado :  2020
receita -  arrecadado :  2021


2021-07-18
DONE!
#####==========2021-07-18==========#####



====== WebDriver manager ======
Current firefox version is 90.0
Get LATEST driver version for 90.0
Get LATEST driver version for 90.0
Getting latest mozilla release info for v0.29.1
Get LATEST driver version for 90.0
Get LATEST driver version for 90.0
Trying to download new driver from https://github.com/mozilla/geckodriver/releases/download/v0.29.1/geckodriver-v0.29.1-macos.tar.gz
Driver has been saved in cache [/Users/m/.wdm/drivers/geckodriver/macos/v0.29.1]


====== WebDriver manager ======
Current firefox version is 90.0
Get LATEST driver version for 90.0
Driver [/Users/m/.wdm/drivers/geckodriver/macos/v0.29.1/geckodriver] found in cache


====== WebDriver manager ======
Current firefox version is 90.0
Get LATEST driver version for 90.0
Driver [/Users/m/.wdm/drivers/geckodriver/macos/v0.29.1/geckodriver] found in cache


====== WebDriver manager ======
Current firefox version is 90.0
Get LATEST driver version for 90.0
Driver [/Users/m/.wdm/drivers/geckodriver/macos/v0.29.1/geckodriver] found in cache


====== WebDriver manager ======
Current firefox version is 90.0
Get LATEST driver version for 90.0
Driver [/Users/m/.wdm/drivers/geckodriver/macos/v0.29.1/geckodriver] found in cache


====== WebDriver manager ======
Current firefox version is 90.0
Get LATEST driver version for 90.0
Driver [/Users/m/.wdm/drivers/geckodriver/macos/v0.29.1/geckodriver] found in cache
#####==========2021-07-19==========#####

START
execucao :  2020


execucao :  2021




receita -  previsto :  2020
receita -  previsto :  2021


receita -  arrecadado :  2020
receita -  arrecadado :  2021


2021-07-19
DONE!
#####==========2021-07-19==========#####



====== WebDriver manager ======
Current firefox version is 90.0
Get LATEST driver version for 90.0
Get LATEST driver version for 90.0
Getting latest mozilla release info for v0.29.1
Get LATEST driver version for 90.0
Get LATEST driver version for 90.0
Trying to download new driver from https://github.com/mozilla/geckodriver/releases/download/v0.29.1/geckodriver-v0.29.1-macos.tar.gz
Driver has been saved in cache [/Users/m/.wdm/drivers/geckodriver/macos/v0.29.1]


====== WebDriver manager ======
Current firefox version is 90.0
Get LATEST driver version for 90.0
Driver [/Users/m/.wdm/drivers/geckodriver/macos/v0.29.1/geckodriver] found in cache


====== WebDriver manager ======
Current firefox version is 90.0
Get LATEST driver version for 90.0
Driver [/Users/m/.wdm/drivers/geckodriver/macos/v0.29.1/geckodriver] found in cache


====== WebDriver manager ======
Current firefox version is 90.0
Get LATEST driver version for 90.0
Driver [/Users/m/.wdm/drivers/geckodriver/macos/v0.29.1/geckodriver] found in cache


====== WebDriver manager ======
Current firefox version is 90.0
Get LATEST driver version for 90.0
Driver [/Users/m/.wdm/drivers/geckodriver/macos/v0.29.1/geckodriver] found in cache


====== WebDriver manager ======
Current firefox version is 90.0
Get LATEST driver version for 90.0
Driver [/Users/m/.wdm/drivers/geckodriver/macos/v0.29.1/geckodriver] found in cache
#####==========2021-07-20==========#####

START
execucao :  2020


execucao :  2021




receita -  previsto :  2020
receita -  previsto :  2021


receita -  arrecadado :  2020
receita -  arrecadado :  2021


2021-07-20
DONE!
#####==========2021-07-20==========#####



====== WebDriver manager ======
Current firefox version is 90.0
Get LATEST driver version for 90.0
Get LATEST driver version for 90.0
Getting latest mozilla release info for v0.29.1
Get LATEST driver version for 90.0
Get LATEST driver version for 90.0
Trying to download new driver from https://github.com/mozilla/geckodriver/releases/download/v0.29.1/geckodriver-v0.29.1-macos.tar.gz
Driver has been saved in cache [/Users/m/.wdm/drivers/geckodriver/macos/v0.29.1]


====== WebDriver manager ======
Current firefox version is 90.0
Get LATEST driver version for 90.0
Driver [/Users/m/.wdm/drivers/geckodriver/macos/v0.29.1/geckodriver] found in cache
#####==========2021-07-21==========#####

START
execucao :  2020


execucao :  2021
Traceback (most recent call last):
  File "/Users/m/gabinite_sv/orcamento_sp/notebooks/run.py", line 90, in <module>
    main()
  File "/Users/m/gabinite_sv/orcamento_sp/notebooks/run.py", line 82, in main
    upload_bigQuerry()
  File "/Users/m/gabinite_sv/orcamento_sp/notebooks/run.py", line 18, in upload_bigQuerry
    io.get_orcamento_executado()
  File "../scripts/io.py", line 114, in get_orcamento_executado
    firefox.find_element_by_name("ctl00$ContentPlaceHolder1$btnExcel").click()
  File "/Users/m/gabinite_sv/orcamento_sp/.orcamento_sp/lib/python3.9/site-packages/selenium/webdriver/remote/webdriver.py", line 496, in find_element_by_name
    return self.find_element(by=By.NAME, value=name)
  File "/Users/m/gabinite_sv/orcamento_sp/.orcamento_sp/lib/python3.9/site-packages/selenium/webdriver/remote/webdriver.py", line 976, in find_element
    return self.execute(Command.FIND_ELEMENT, {
  File "/Users/m/gabinite_sv/orcamento_sp/.orcamento_sp/lib/python3.9/site-packages/selenium/webdriver/remote/webdriver.py", line 321, in execute
    self.error_handler.check_response(response)
  File "/Users/m/gabinite_sv/orcamento_sp/.orcamento_sp/lib/python3.9/site-packages/selenium/webdriver/remote/errorhandler.py", line 242, in check_response
    raise exception_class(message, screen, stacktrace)
selenium.common.exceptions.NoSuchElementException: Message: Unable to locate element: [name="ctl00$ContentPlaceHolder1$btnExcel"]



====== WebDriver manager ======
Current firefox version is 90.0
Get LATEST driver version for 90.0
Get LATEST driver version for 90.0
Getting latest mozilla release info for v0.29.1
Get LATEST driver version for 90.0
Get LATEST driver version for 90.0
Trying to download new driver from https://github.com/mozilla/geckodriver/releases/download/v0.29.1/geckodriver-v0.29.1-macos.tar.gz
Driver has been saved in cache [/Users/m/.wdm/drivers/geckodriver/macos/v0.29.1]
#####==========2021-07-22==========#####

START
execucao :  2020
Traceback (most recent call last):
  File "/Users/m/gabinite_sv/orcamento_sp/notebooks/run.py", line 90, in <module>
    main()
  File "/Users/m/gabinite_sv/orcamento_sp/notebooks/run.py", line 82, in main
    upload_bigQuerry()
  File "/Users/m/gabinite_sv/orcamento_sp/notebooks/run.py", line 18, in upload_bigQuerry
    io.get_orcamento_executado()
  File "../scripts/io.py", line 66, in get_orcamento_executado
    firefox = webdriver.Firefox(
  File "/Users/m/gabinite_sv/orcamento_sp/.orcamento_sp/lib/python3.9/site-packages/selenium/webdriver/firefox/webdriver.py", line 170, in __init__
    RemoteWebDriver.__init__(
  File "/Users/m/gabinite_sv/orcamento_sp/.orcamento_sp/lib/python3.9/site-packages/selenium/webdriver/remote/webdriver.py", line 157, in __init__
    self.start_session(capabilities, browser_profile)
  File "/Users/m/gabinite_sv/orcamento_sp/.orcamento_sp/lib/python3.9/site-packages/selenium/webdriver/remote/webdriver.py", line 252, in start_session
    response = self.execute(Command.NEW_SESSION, parameters)
  File "/Users/m/gabinite_sv/orcamento_sp/.orcamento_sp/lib/python3.9/site-packages/selenium/webdriver/remote/webdriver.py", line 321, in execute
    self.error_handler.check_response(response)
  File "/Users/m/gabinite_sv/orcamento_sp/.orcamento_sp/lib/python3.9/site-packages/selenium/webdriver/remote/errorhandler.py", line 242, in check_response
    raise exception_class(message, screen, stacktrace)
selenium.common.exceptions.WebDriverException: Message: Process unexpectedly closed with status 0



====== WebDriver manager ======
Current firefox version is 90.0.2
Get LATEST driver version for 90.0.2
There is no [macos] geckodriver for browser 90.0.2 in cache
Get LATEST driver version for 90.0.2
Getting latest mozilla release info for v0.29.1
Get LATEST driver version for 90.0.2
Get LATEST driver version for 90.0.2
Trying to download new driver from https://github.com/mozilla/geckodriver/releases/download/v0.29.1/geckodriver-v0.29.1-macos.tar.gz
Driver has been saved in cache [/Users/m/.wdm/drivers/geckodriver/macos/v0.29.1]


====== WebDriver manager ======
Current firefox version is 90.0.2
Get LATEST driver version for 90.0.2
Driver [/Users/m/.wdm/drivers/geckodriver/macos/v0.29.1/geckodriver] found in cache


====== WebDriver manager ======
Current firefox version is 90.0.2
Get LATEST driver version for 90.0.2
Driver [/Users/m/.wdm/drivers/geckodriver/macos/v0.29.1/geckodriver] found in cache


====== WebDriver manager ======
Current firefox version is 90.0.2
Get LATEST driver version for 90.0.2
Driver [/Users/m/.wdm/drivers/geckodriver/macos/v0.29.1/geckodriver] found in cache


====== WebDriver manager ======
Current firefox version is 90.0.2
Get LATEST driver version for 90.0.2
Driver [/Users/m/.wdm/drivers/geckodriver/macos/v0.29.1/geckodriver] found in cache


====== WebDriver manager ======
Current firefox version is 90.0.2
Get LATEST driver version for 90.0.2
Driver [/Users/m/.wdm/drivers/geckodriver/macos/v0.29.1/geckodriver] found in cache
#####==========2021-07-23==========#####

START
execucao :  2020


execucao :  2021




receita -  previsto :  2020
receita -  previsto :  2021


receita -  arrecadado :  2020
receita -  arrecadado :  2021


2021-07-23
DONE!
#####==========2021-07-23==========#####



====== WebDriver manager ======
Current firefox version is 90.0.2
Get LATEST driver version for 90.0.2
Get LATEST driver version for 90.0.2
Getting latest mozilla release info for v0.29.1
Get LATEST driver version for 90.0.2
Get LATEST driver version for 90.0.2
Trying to download new driver from https://github.com/mozilla/geckodriver/releases/download/v0.29.1/geckodriver-v0.29.1-macos.tar.gz
Driver has been saved in cache [/Users/m/.wdm/drivers/geckodriver/macos/v0.29.1]


====== WebDriver manager ======
Current firefox version is 90.0.2
Get LATEST driver version for 90.0.2
Driver [/Users/m/.wdm/drivers/geckodriver/macos/v0.29.1/geckodriver] found in cache


====== WebDriver manager ======
Current firefox version is 90.0.2
Get LATEST driver version for 90.0.2
Driver [/Users/m/.wdm/drivers/geckodriver/macos/v0.29.1/geckodriver] found in cache


====== WebDriver manager ======
Current firefox version is 90.0.2
Get LATEST driver version for 90.0.2
Driver [/Users/m/.wdm/drivers/geckodriver/macos/v0.29.1/geckodriver] found in cache


====== WebDriver manager ======
Current firefox version is 90.0.2
Get LATEST driver version for 90.0.2
Driver [/Users/m/.wdm/drivers/geckodriver/macos/v0.29.1/geckodriver] found in cache


====== WebDriver manager ======
Current firefox version is 90.0.2
Get LATEST driver version for 90.0.2
Driver [/Users/m/.wdm/drivers/geckodriver/macos/v0.29.1/geckodriver] found in cache
#####==========2021-07-24==========#####

START
execucao :  2020


execucao :  2021




receita -  previsto :  2020
receita -  previsto :  2021


receita -  arrecadado :  2020
receita -  arrecadado :  2021


2021-07-24
DONE!
#####==========2021-07-24==========#####



====== WebDriver manager ======
Current firefox version is 90.0.2
Get LATEST driver version for 90.0.2
Get LATEST driver version for 90.0.2
Getting latest mozilla release info for v0.29.1
Get LATEST driver version for 90.0.2
Get LATEST driver version for 90.0.2
Trying to download new driver from https://github.com/mozilla/geckodriver/releases/download/v0.29.1/geckodriver-v0.29.1-macos.tar.gz
Driver has been saved in cache [/Users/m/.wdm/drivers/geckodriver/macos/v0.29.1]


====== WebDriver manager ======
Current firefox version is 90.0.2
Get LATEST driver version for 90.0.2
Driver [/Users/m/.wdm/drivers/geckodriver/macos/v0.29.1/geckodriver] found in cache


====== WebDriver manager ======
Current firefox version is 90.0.2
Get LATEST driver version for 90.0.2
Driver [/Users/m/.wdm/drivers/geckodriver/macos/v0.29.1/geckodriver] found in cache


====== WebDriver manager ======
Current firefox version is 90.0.2
Get LATEST driver version for 90.0.2
Driver [/Users/m/.wdm/drivers/geckodriver/macos/v0.29.1/geckodriver] found in cache


====== WebDriver manager ======
Current firefox version is 90.0.2
Get LATEST driver version for 90.0.2
Driver [/Users/m/.wdm/drivers/geckodriver/macos/v0.29.1/geckodriver] found in cache


====== WebDriver manager ======
Current firefox version is 90.0.2
Get LATEST driver version for 90.0.2
Driver [/Users/m/.wdm/drivers/geckodriver/macos/v0.29.1/geckodriver] found in cache
#####==========2021-07-25==========#####

START
execucao :  2020


execucao :  2021




receita -  previsto :  2020
receita -  previsto :  2021


receita -  arrecadado :  2020
receita -  arrecadado :  2021


2021-07-25
DONE!
#####==========2021-07-25==========#####



====== WebDriver manager ======
Current firefox version is 90.0.2
Get LATEST driver version for 90.0.2
Get LATEST driver version for 90.0.2
Getting latest mozilla release info for v0.29.1
Get LATEST driver version for 90.0.2
Get LATEST driver version for 90.0.2
Trying to download new driver from https://github.com/mozilla/geckodriver/releases/download/v0.29.1/geckodriver-v0.29.1-macos.tar.gz
Driver has been saved in cache [/Users/m/.wdm/drivers/geckodriver/macos/v0.29.1]


====== WebDriver manager ======
Current firefox version is 90.0.2
Get LATEST driver version for 90.0.2
Driver [/Users/m/.wdm/drivers/geckodriver/macos/v0.29.1/geckodriver] found in cache


====== WebDriver manager ======
Current firefox version is 90.0.2
Get LATEST driver version for 90.0.2
Driver [/Users/m/.wdm/drivers/geckodriver/macos/v0.29.1/geckodriver] found in cache


====== WebDriver manager ======
Current firefox version is 90.0.2
Get LATEST driver version for 90.0.2
Driver [/Users/m/.wdm/drivers/geckodriver/macos/v0.29.1/geckodriver] found in cache


====== WebDriver manager ======
Current firefox version is 90.0.2
Get LATEST driver version for 90.0.2
Driver [/Users/m/.wdm/drivers/geckodriver/macos/v0.29.1/geckodriver] found in cache


====== WebDriver manager ======
Current firefox version is 90.0.2
Get LATEST driver version for 90.0.2
Driver [/Users/m/.wdm/drivers/geckodriver/macos/v0.29.1/geckodriver] found in cache
#####==========2021-07-26==========#####

START
execucao :  2020


execucao :  2021




receita -  previsto :  2020
receita -  previsto :  2021


receita -  arrecadado :  2020
receita -  arrecadado :  2021


2021-07-26
DONE!
#####==========2021-07-26==========#####



====== WebDriver manager ======
Current firefox version is 90.0.2
Get LATEST driver version for 90.0.2
Get LATEST driver version for 90.0.2
Getting latest mozilla release info for v0.29.1
Get LATEST driver version for 90.0.2
Get LATEST driver version for 90.0.2
Trying to download new driver from https://github.com/mozilla/geckodriver/releases/download/v0.29.1/geckodriver-v0.29.1-macos.tar.gz
Driver has been saved in cache [/Users/m/.wdm/drivers/geckodriver/macos/v0.29.1]


====== WebDriver manager ======
Current firefox version is 90.0.2
Get LATEST driver version for 90.0.2
Driver [/Users/m/.wdm/drivers/geckodriver/macos/v0.29.1/geckodriver] found in cache


====== WebDriver manager ======
Current firefox version is 90.0.2
Get LATEST driver version for 90.0.2
Driver [/Users/m/.wdm/drivers/geckodriver/macos/v0.29.1/geckodriver] found in cache


====== WebDriver manager ======
Current firefox version is 90.0.2
Get LATEST driver version for 90.0.2
Driver [/Users/m/.wdm/drivers/geckodriver/macos/v0.29.1/geckodriver] found in cache


====== WebDriver manager ======
Current firefox version is 90.0.2
Get LATEST driver version for 90.0.2
Driver [/Users/m/.wdm/drivers/geckodriver/macos/v0.29.1/geckodriver] found in cache


====== WebDriver manager ======
Current firefox version is 90.0.2
Get LATEST driver version for 90.0.2
Driver [/Users/m/.wdm/drivers/geckodriver/macos/v0.29.1/geckodriver] found in cache
#####==========2021-07-28==========#####

START
execucao :  2020


execucao :  2021




receita -  previsto :  2020
receita -  previsto :  2021


receita -  arrecadado :  2020
receita -  arrecadado :  2021


2021-07-28
DONE!
#####==========2021-07-28==========#####



====== WebDriver manager ======
Current firefox version is 90.0.2
Get LATEST driver version for 90.0.2
Get LATEST driver version for 90.0.2
Getting latest mozilla release info for v0.29.1
Get LATEST driver version for 90.0.2
Get LATEST driver version for 90.0.2
Trying to download new driver from https://github.com/mozilla/geckodriver/releases/download/v0.29.1/geckodriver-v0.29.1-macos.tar.gz
Driver has been saved in cache [/Users/m/.wdm/drivers/geckodriver/macos/v0.29.1]


====== WebDriver manager ======
Current firefox version is 90.0.2
Get LATEST driver version for 90.0.2
Driver [/Users/m/.wdm/drivers/geckodriver/macos/v0.29.1/geckodriver] found in cache


====== WebDriver manager ======
Current firefox version is 90.0.2
Get LATEST driver version for 90.0.2
Driver [/Users/m/.wdm/drivers/geckodriver/macos/v0.29.1/geckodriver] found in cache


====== WebDriver manager ======
Current firefox version is 90.0.2
Get LATEST driver version for 90.0.2
Driver [/Users/m/.wdm/drivers/geckodriver/macos/v0.29.1/geckodriver] found in cache


====== WebDriver manager ======
Current firefox version is 90.0.2
Get LATEST driver version for 90.0.2
Driver [/Users/m/.wdm/drivers/geckodriver/macos/v0.29.1/geckodriver] found in cache


====== WebDriver manager ======
Current firefox version is 90.0.2
Get LATEST driver version for 90.0.2
Driver [/Users/m/.wdm/drivers/geckodriver/macos/v0.29.1/geckodriver] found in cache
#####==========2021-07-29==========#####

START
execucao :  2020


execucao :  2021




receita -  previsto :  2020
receita -  previsto :  2021


receita -  arrecadado :  2020
receita -  arrecadado :  2021


2021-07-29
DONE!
#####==========2021-07-29==========#####



====== WebDriver manager ======
Current firefox version is 90.0.2
Get LATEST driver version for 90.0.2
Get LATEST driver version for 90.0.2
Getting latest mozilla release info for v0.29.1
Get LATEST driver version for 90.0.2
Get LATEST driver version for 90.0.2
Trying to download new driver from https://github.com/mozilla/geckodriver/releases/download/v0.29.1/geckodriver-v0.29.1-macos.tar.gz
Driver has been saved in cache [/Users/m/.wdm/drivers/geckodriver/macos/v0.29.1]


====== WebDriver manager ======
Current firefox version is 90.0.2
Get LATEST driver version for 90.0.2
Driver [/Users/m/.wdm/drivers/geckodriver/macos/v0.29.1/geckodriver] found in cache


====== WebDriver manager ======
Current firefox version is 90.0.2
Get LATEST driver version for 90.0.2
Driver [/Users/m/.wdm/drivers/geckodriver/macos/v0.29.1/geckodriver] found in cache


====== WebDriver manager ======
Current firefox version is 90.0.2
Get LATEST driver version for 90.0.2
Driver [/Users/m/.wdm/drivers/geckodriver/macos/v0.29.1/geckodriver] found in cache


====== WebDriver manager ======
Current firefox version is 90.0.2
Get LATEST driver version for 90.0.2
Driver [/Users/m/.wdm/drivers/geckodriver/macos/v0.29.1/geckodriver] found in cache


====== WebDriver manager ======
Current firefox version is 90.0.2
Get LATEST driver version for 90.0.2
Driver [/Users/m/.wdm/drivers/geckodriver/macos/v0.29.1/geckodriver] found in cache
#####==========2021-07-30==========#####

START
execucao :  2020


execucao :  2021




receita -  previsto :  2020
receita -  previsto :  2021


receita -  arrecadado :  2020
receita -  arrecadado :  2021


2021-07-30
DONE!
#####==========2021-07-30==========#####



====== WebDriver manager ======
Current firefox version is 90.0.2
Get LATEST driver version for 90.0.2
Get LATEST driver version for 90.0.2
Getting latest mozilla release info for v0.29.1
Get LATEST driver version for 90.0.2
Get LATEST driver version for 90.0.2
Trying to download new driver from https://github.com/mozilla/geckodriver/releases/download/v0.29.1/geckodriver-v0.29.1-macos.tar.gz
Driver has been saved in cache [/Users/m/.wdm/drivers/geckodriver/macos/v0.29.1]
#####==========2021-08-01==========#####

START
execucao :  2020
Traceback (most recent call last):
  File "/Users/m/gabinite_sv/orcamento_sp/notebooks/run.py", line 90, in <module>
    main()
  File "/Users/m/gabinite_sv/orcamento_sp/notebooks/run.py", line 82, in main
    upload_bigQuerry()
  File "/Users/m/gabinite_sv/orcamento_sp/notebooks/run.py", line 18, in upload_bigQuerry
    io.get_orcamento_executado()
  File "../scripts/io.py", line 107, in get_orcamento_executado
    selected = Select(firefox.find_element_by_name(op))
  File "/Users/m/gabinite_sv/orcamento_sp/.orcamento_sp/lib/python3.9/site-packages/selenium/webdriver/remote/webdriver.py", line 496, in find_element_by_name
    return self.find_element(by=By.NAME, value=name)
  File "/Users/m/gabinite_sv/orcamento_sp/.orcamento_sp/lib/python3.9/site-packages/selenium/webdriver/remote/webdriver.py", line 976, in find_element
    return self.execute(Command.FIND_ELEMENT, {
  File "/Users/m/gabinite_sv/orcamento_sp/.orcamento_sp/lib/python3.9/site-packages/selenium/webdriver/remote/webdriver.py", line 321, in execute
    self.error_handler.check_response(response)
  File "/Users/m/gabinite_sv/orcamento_sp/.orcamento_sp/lib/python3.9/site-packages/selenium/webdriver/remote/errorhandler.py", line 242, in check_response
    raise exception_class(message, screen, stacktrace)
selenium.common.exceptions.WebDriverException: Message: Failed to decode response from marionette



====== WebDriver manager ======
Current firefox version is 90.0.2
Get LATEST driver version for 90.0.2
Get LATEST driver version for 90.0.2
Getting latest mozilla release info for v0.29.1
Get LATEST driver version for 90.0.2
Get LATEST driver version for 90.0.2
Trying to download new driver from https://github.com/mozilla/geckodriver/releases/download/v0.29.1/geckodriver-v0.29.1-macos.tar.gz
Driver has been saved in cache [/Users/m/.wdm/drivers/geckodriver/macos/v0.29.1]


====== WebDriver manager ======
Current firefox version is 90.0.2
Get LATEST driver version for 90.0.2
Driver [/Users/m/.wdm/drivers/geckodriver/macos/v0.29.1/geckodriver] found in cache


====== WebDriver manager ======
Current firefox version is 90.0.2
Get LATEST driver version for 90.0.2
Driver [/Users/m/.wdm/drivers/geckodriver/macos/v0.29.1/geckodriver] found in cache


====== WebDriver manager ======
Current firefox version is 90.0.2
Get LATEST driver version for 90.0.2
Driver [/Users/m/.wdm/drivers/geckodriver/macos/v0.29.1/geckodriver] found in cache


====== WebDriver manager ======
Current firefox version is 90.0.2
Get LATEST driver version for 90.0.2
Driver [/Users/m/.wdm/drivers/geckodriver/macos/v0.29.1/geckodriver] found in cache


====== WebDriver manager ======
Current firefox version is 90.0.2
Get LATEST driver version for 90.0.2
Driver [/Users/m/.wdm/drivers/geckodriver/macos/v0.29.1/geckodriver] found in cache
#####==========2021-08-02==========#####

START
execucao :  2020


execucao :  2021




receita -  previsto :  2020
receita -  previsto :  2021


receita -  arrecadado :  2020
receita -  arrecadado :  2021


2021-08-02
DONE!
#####==========2021-08-02==========#####



====== WebDriver manager ======
Current firefox version is 90.0.2
Get LATEST driver version for 90.0.2
Get LATEST driver version for 90.0.2
Getting latest mozilla release info for v0.29.1
Get LATEST driver version for 90.0.2
Get LATEST driver version for 90.0.2
Trying to download new driver from https://github.com/mozilla/geckodriver/releases/download/v0.29.1/geckodriver-v0.29.1-macos.tar.gz
Driver has been saved in cache [/Users/m/.wdm/drivers/geckodriver/macos/v0.29.1]


====== WebDriver manager ======
Current firefox version is 90.0.2
Get LATEST driver version for 90.0.2
Driver [/Users/m/.wdm/drivers/geckodriver/macos/v0.29.1/geckodriver] found in cache


====== WebDriver manager ======
Current firefox version is 90.0.2
Get LATEST driver version for 90.0.2
Driver [/Users/m/.wdm/drivers/geckodriver/macos/v0.29.1/geckodriver] found in cache


====== WebDriver manager ======
Current firefox version is 90.0.2
Get LATEST driver version for 90.0.2
Driver [/Users/m/.wdm/drivers/geckodriver/macos/v0.29.1/geckodriver] found in cache


====== WebDriver manager ======
Current firefox version is 90.0.2
Get LATEST driver version for 90.0.2
Driver [/Users/m/.wdm/drivers/geckodriver/macos/v0.29.1/geckodriver] found in cache


====== WebDriver manager ======
Current firefox version is 90.0.2
Get LATEST driver version for 90.0.2
Driver [/Users/m/.wdm/drivers/geckodriver/macos/v0.29.1/geckodriver] found in cache
#####==========2021-08-03==========#####

START
execucao :  2020


execucao :  2021




receita -  previsto :  2020
receita -  previsto :  2021


receita -  arrecadado :  2020
receita -  arrecadado :  2021


2021-08-03
DONE!
#####==========2021-08-03==========#####



====== WebDriver manager ======
Current firefox version is 90.0.2
Get LATEST driver version for 90.0.2
Get LATEST driver version for 90.0.2
Getting latest mozilla release info for v0.29.1
Get LATEST driver version for 90.0.2
Get LATEST driver version for 90.0.2
Trying to download new driver from https://github.com/mozilla/geckodriver/releases/download/v0.29.1/geckodriver-v0.29.1-macos.tar.gz
Driver has been saved in cache [/Users/m/.wdm/drivers/geckodriver/macos/v0.29.1]


====== WebDriver manager ======
Current firefox version is 90.0.2
Get LATEST driver version for 90.0.2
Driver [/Users/m/.wdm/drivers/geckodriver/macos/v0.29.1/geckodriver] found in cache


====== WebDriver manager ======
Current firefox version is 90.0.2
Get LATEST driver version for 90.0.2
Driver [/Users/m/.wdm/drivers/geckodriver/macos/v0.29.1/geckodriver] found in cache


====== WebDriver manager ======
Current firefox version is 90.0.2
Get LATEST driver version for 90.0.2
Driver [/Users/m/.wdm/drivers/geckodriver/macos/v0.29.1/geckodriver] found in cache


====== WebDriver manager ======
Current firefox version is 90.0.2
Get LATEST driver version for 90.0.2
Driver [/Users/m/.wdm/drivers/geckodriver/macos/v0.29.1/geckodriver] found in cache


====== WebDriver manager ======
Current firefox version is 90.0.2
Get LATEST driver version for 90.0.2
Driver [/Users/m/.wdm/drivers/geckodriver/macos/v0.29.1/geckodriver] found in cache
#####==========2021-08-04==========#####

START
execucao :  2020


execucao :  2021




receita -  previsto :  2020
receita -  previsto :  2021


receita -  arrecadado :  2020
receita -  arrecadado :  2021


2021-08-04
DONE!
#####==========2021-08-04==========#####



====== WebDriver manager ======
Current firefox version is 90.0.2
Get LATEST driver version for 90.0.2
Get LATEST driver version for 90.0.2
Getting latest mozilla release info for v0.29.1
Get LATEST driver version for 90.0.2
Get LATEST driver version for 90.0.2
Trying to download new driver from https://github.com/mozilla/geckodriver/releases/download/v0.29.1/geckodriver-v0.29.1-macos.tar.gz
Driver has been saved in cache [/Users/m/.wdm/drivers/geckodriver/macos/v0.29.1]


====== WebDriver manager ======
Current firefox version is 90.0.2
Get LATEST driver version for 90.0.2
Driver [/Users/m/.wdm/drivers/geckodriver/macos/v0.29.1/geckodriver] found in cache


====== WebDriver manager ======
Current firefox version is 90.0.2
Get LATEST driver version for 90.0.2
Driver [/Users/m/.wdm/drivers/geckodriver/macos/v0.29.1/geckodriver] found in cache


====== WebDriver manager ======
Current firefox version is 90.0.2
Get LATEST driver version for 90.0.2
Driver [/Users/m/.wdm/drivers/geckodriver/macos/v0.29.1/geckodriver] found in cache


====== WebDriver manager ======
Current firefox version is 90.0.2
Get LATEST driver version for 90.0.2
Driver [/Users/m/.wdm/drivers/geckodriver/macos/v0.29.1/geckodriver] found in cache


====== WebDriver manager ======
Current firefox version is 90.0.2
Get LATEST driver version for 90.0.2
Driver [/Users/m/.wdm/drivers/geckodriver/macos/v0.29.1/geckodriver] found in cache
#####==========2021-08-05==========#####

START
execucao :  2020


execucao :  2021




receita -  previsto :  2020
receita -  previsto :  2021


receita -  arrecadado :  2020
receita -  arrecadado :  2021


2021-08-05
DONE!
#####==========2021-08-05==========#####



====== WebDriver manager ======
Current firefox version is 90.0.2
Get LATEST driver version for 90.0.2
Get LATEST driver version for 90.0.2
Getting latest mozilla release info for v0.29.1
Get LATEST driver version for 90.0.2
Get LATEST driver version for 90.0.2
Trying to download new driver from https://github.com/mozilla/geckodriver/releases/download/v0.29.1/geckodriver-v0.29.1-macos.tar.gz
Driver has been saved in cache [/Users/m/.wdm/drivers/geckodriver/macos/v0.29.1]


====== WebDriver manager ======
Current firefox version is 90.0.2
Get LATEST driver version for 90.0.2
Driver [/Users/m/.wdm/drivers/geckodriver/macos/v0.29.1/geckodriver] found in cache


====== WebDriver manager ======
Current firefox version is 90.0.2
Get LATEST driver version for 90.0.2
Driver [/Users/m/.wdm/drivers/geckodriver/macos/v0.29.1/geckodriver] found in cache


====== WebDriver manager ======
Current firefox version is 90.0.2
Get LATEST driver version for 90.0.2
Driver [/Users/m/.wdm/drivers/geckodriver/macos/v0.29.1/geckodriver] found in cache


====== WebDriver manager ======
Current firefox version is 90.0.2
Get LATEST driver version for 90.0.2
Driver [/Users/m/.wdm/drivers/geckodriver/macos/v0.29.1/geckodriver] found in cache


====== WebDriver manager ======
Current firefox version is 90.0.2
Get LATEST driver version for 90.0.2
Driver [/Users/m/.wdm/drivers/geckodriver/macos/v0.29.1/geckodriver] found in cache
#####==========2021-08-06==========#####

START
execucao :  2020


execucao :  2021




receita -  previsto :  2020
receita -  previsto :  2021


receita -  arrecadado :  2020
receita -  arrecadado :  2021


2021-08-06
DONE!
#####==========2021-08-06==========#####



====== WebDriver manager ======
Current firefox version is 90.0.2
Get LATEST driver version for 90.0.2
Get LATEST driver version for 90.0.2
Getting latest mozilla release info for v0.29.1
Get LATEST driver version for 90.0.2
Get LATEST driver version for 90.0.2
Trying to download new driver from https://github.com/mozilla/geckodriver/releases/download/v0.29.1/geckodriver-v0.29.1-macos.tar.gz
Driver has been saved in cache [/Users/m/.wdm/drivers/geckodriver/macos/v0.29.1]


====== WebDriver manager ======
Current firefox version is 90.0.2
Get LATEST driver version for 90.0.2
Driver [/Users/m/.wdm/drivers/geckodriver/macos/v0.29.1/geckodriver] found in cache


====== WebDriver manager ======
Current firefox version is 90.0.2
Get LATEST driver version for 90.0.2
Driver [/Users/m/.wdm/drivers/geckodriver/macos/v0.29.1/geckodriver] found in cache


====== WebDriver manager ======
Current firefox version is 90.0.2
Get LATEST driver version for 90.0.2
Driver [/Users/m/.wdm/drivers/geckodriver/macos/v0.29.1/geckodriver] found in cache


====== WebDriver manager ======
Current firefox version is 90.0.2
Get LATEST driver version for 90.0.2
Driver [/Users/m/.wdm/drivers/geckodriver/macos/v0.29.1/geckodriver] found in cache


====== WebDriver manager ======
Current firefox version is 90.0.2
Get LATEST driver version for 90.0.2
Driver [/Users/m/.wdm/drivers/geckodriver/macos/v0.29.1/geckodriver] found in cache
#####==========2021-08-07==========#####

START
execucao :  2020


execucao :  2021




receita -  previsto :  2020
receita -  previsto :  2021


receita -  arrecadado :  2020
receita -  arrecadado :  2021


2021-08-07
DONE!
#####==========2021-08-07==========#####



====== WebDriver manager ======
Current firefox version is 90.0.2
Get LATEST driver version for 90.0.2
Get LATEST driver version for 90.0.2
Getting latest mozilla release info for v0.29.1
Get LATEST driver version for 90.0.2
Get LATEST driver version for 90.0.2
Trying to download new driver from https://github.com/mozilla/geckodriver/releases/download/v0.29.1/geckodriver-v0.29.1-macos.tar.gz
Driver has been saved in cache [/Users/m/.wdm/drivers/geckodriver/macos/v0.29.1]


====== WebDriver manager ======
Current firefox version is 90.0.2
Get LATEST driver version for 90.0.2
Driver [/Users/m/.wdm/drivers/geckodriver/macos/v0.29.1/geckodriver] found in cache


====== WebDriver manager ======
Current firefox version is 90.0.2
Get LATEST driver version for 90.0.2
Driver [/Users/m/.wdm/drivers/geckodriver/macos/v0.29.1/geckodriver] found in cache


====== WebDriver manager ======
Current firefox version is 90.0.2
Get LATEST driver version for 90.0.2
Driver [/Users/m/.wdm/drivers/geckodriver/macos/v0.29.1/geckodriver] found in cache


====== WebDriver manager ======
Current firefox version is 90.0.2
Get LATEST driver version for 90.0.2
Driver [/Users/m/.wdm/drivers/geckodriver/macos/v0.29.1/geckodriver] found in cache


====== WebDriver manager ======
Current firefox version is 90.0.2
Get LATEST driver version for 90.0.2
Driver [/Users/m/.wdm/drivers/geckodriver/macos/v0.29.1/geckodriver] found in cache
#####==========2021-08-08==========#####

START
execucao :  2020


execucao :  2021




receita -  previsto :  2020
receita -  previsto :  2021


receita -  arrecadado :  2020
receita -  arrecadado :  2021


2021-08-08
DONE!
#####==========2021-08-08==========#####



====== WebDriver manager ======
Current firefox version is 90.0.2
Get LATEST driver version for 90.0.2
Get LATEST driver version for 90.0.2
Getting latest mozilla release info for v0.29.1
Get LATEST driver version for 90.0.2
Get LATEST driver version for 90.0.2
Trying to download new driver from https://github.com/mozilla/geckodriver/releases/download/v0.29.1/geckodriver-v0.29.1-macos.tar.gz
Driver has been saved in cache [/Users/m/.wdm/drivers/geckodriver/macos/v0.29.1]


====== WebDriver manager ======
Current firefox version is 90.0.2
Get LATEST driver version for 90.0.2
Driver [/Users/m/.wdm/drivers/geckodriver/macos/v0.29.1/geckodriver] found in cache


====== WebDriver manager ======
Current firefox version is 90.0.2
Get LATEST driver version for 90.0.2
Driver [/Users/m/.wdm/drivers/geckodriver/macos/v0.29.1/geckodriver] found in cache


====== WebDriver manager ======
Current firefox version is 90.0.2
Get LATEST driver version for 90.0.2
Driver [/Users/m/.wdm/drivers/geckodriver/macos/v0.29.1/geckodriver] found in cache


====== WebDriver manager ======
Current firefox version is 90.0.2
Get LATEST driver version for 90.0.2
Driver [/Users/m/.wdm/drivers/geckodriver/macos/v0.29.1/geckodriver] found in cache


====== WebDriver manager ======
Current firefox version is 90.0.2
Get LATEST driver version for 90.0.2
Driver [/Users/m/.wdm/drivers/geckodriver/macos/v0.29.1/geckodriver] found in cache
#####==========2021-08-09==========#####

START
execucao :  2020


execucao :  2021




receita -  previsto :  2020
receita -  previsto :  2021


receita -  arrecadado :  2020
receita -  arrecadado :  2021


2021-08-09
DONE!
#####==========2021-08-09==========#####



====== WebDriver manager ======
Current firefox version is 90.0.2
Get LATEST driver version for 90.0.2
Get LATEST driver version for 90.0.2
Getting latest mozilla release info for v0.29.1
Get LATEST driver version for 90.0.2
Get LATEST driver version for 90.0.2
Trying to download new driver from https://github.com/mozilla/geckodriver/releases/download/v0.29.1/geckodriver-v0.29.1-macos.tar.gz
Driver has been saved in cache [/Users/m/.wdm/drivers/geckodriver/macos/v0.29.1]
#####==========2021-08-10==========#####

START
execucao :  2020
Traceback (most recent call last):
  File "/Users/m/gabinite_sv/orcamento_sp/notebooks/run.py", line 90, in <module>
    main()
  File "/Users/m/gabinite_sv/orcamento_sp/notebooks/run.py", line 82, in main
    upload_bigQuerry()
  File "/Users/m/gabinite_sv/orcamento_sp/notebooks/run.py", line 18, in upload_bigQuerry
    io.get_orcamento_executado()
  File "../scripts/io.py", line 66, in get_orcamento_executado
    firefox = webdriver.Firefox(
  File "/Users/m/gabinite_sv/orcamento_sp/.orcamento_sp/lib/python3.9/site-packages/selenium/webdriver/firefox/webdriver.py", line 170, in __init__
    RemoteWebDriver.__init__(
  File "/Users/m/gabinite_sv/orcamento_sp/.orcamento_sp/lib/python3.9/site-packages/selenium/webdriver/remote/webdriver.py", line 157, in __init__
    self.start_session(capabilities, browser_profile)
  File "/Users/m/gabinite_sv/orcamento_sp/.orcamento_sp/lib/python3.9/site-packages/selenium/webdriver/remote/webdriver.py", line 252, in start_session
    response = self.execute(Command.NEW_SESSION, parameters)
  File "/Users/m/gabinite_sv/orcamento_sp/.orcamento_sp/lib/python3.9/site-packages/selenium/webdriver/remote/webdriver.py", line 321, in execute
    self.error_handler.check_response(response)
  File "/Users/m/gabinite_sv/orcamento_sp/.orcamento_sp/lib/python3.9/site-packages/selenium/webdriver/remote/errorhandler.py", line 242, in check_response
    raise exception_class(message, screen, stacktrace)
selenium.common.exceptions.WebDriverException: Message: Process unexpectedly closed with status 0



====== WebDriver manager ======
Current firefox version is 91.0
Get LATEST driver version for 91.0
There is no [macos] geckodriver for browser 91.0 in cache
Get LATEST driver version for 91.0
Getting latest mozilla release info for v0.29.1
Get LATEST driver version for 91.0
Get LATEST driver version for 91.0
Trying to download new driver from https://github.com/mozilla/geckodriver/releases/download/v0.29.1/geckodriver-v0.29.1-macos.tar.gz
Driver has been saved in cache [/Users/m/.wdm/drivers/geckodriver/macos/v0.29.1]


====== WebDriver manager ======
Current firefox version is 91.0
Get LATEST driver version for 91.0
Driver [/Users/m/.wdm/drivers/geckodriver/macos/v0.29.1/geckodriver] found in cache


====== WebDriver manager ======
Current firefox version is 91.0
Get LATEST driver version for 91.0
Driver [/Users/m/.wdm/drivers/geckodriver/macos/v0.29.1/geckodriver] found in cache


====== WebDriver manager ======
Current firefox version is 91.0
Get LATEST driver version for 91.0
Driver [/Users/m/.wdm/drivers/geckodriver/macos/v0.29.1/geckodriver] found in cache


====== WebDriver manager ======
Current firefox version is 91.0
Get LATEST driver version for 91.0
Driver [/Users/m/.wdm/drivers/geckodriver/macos/v0.29.1/geckodriver] found in cache


====== WebDriver manager ======
Current firefox version is 91.0
Get LATEST driver version for 91.0
Driver [/Users/m/.wdm/drivers/geckodriver/macos/v0.29.1/geckodriver] found in cache
#####==========2021-08-11==========#####

START
execucao :  2020


execucao :  2021




receita -  previsto :  2020
receita -  previsto :  2021


receita -  arrecadado :  2020
receita -  arrecadado :  2021


2021-08-11
DONE!
#####==========2021-08-11==========#####



====== WebDriver manager ======
Current firefox version is 91.0
Get LATEST driver version for 91.0
Get LATEST driver version for 91.0
Getting latest mozilla release info for v0.29.1
Get LATEST driver version for 91.0
Get LATEST driver version for 91.0
Trying to download new driver from https://github.com/mozilla/geckodriver/releases/download/v0.29.1/geckodriver-v0.29.1-macos.tar.gz
Driver has been saved in cache [/Users/m/.wdm/drivers/geckodriver/macos/v0.29.1]


====== WebDriver manager ======
Current firefox version is 91.0
Get LATEST driver version for 91.0
Driver [/Users/m/.wdm/drivers/geckodriver/macos/v0.29.1/geckodriver] found in cache


====== WebDriver manager ======
Current firefox version is 91.0
Get LATEST driver version for 91.0
Driver [/Users/m/.wdm/drivers/geckodriver/macos/v0.29.1/geckodriver] found in cache


====== WebDriver manager ======
Current firefox version is 91.0
Get LATEST driver version for 91.0
Driver [/Users/m/.wdm/drivers/geckodriver/macos/v0.29.1/geckodriver] found in cache


====== WebDriver manager ======
Current firefox version is 91.0
Get LATEST driver version for 91.0
Driver [/Users/m/.wdm/drivers/geckodriver/macos/v0.29.1/geckodriver] found in cache


====== WebDriver manager ======
Current firefox version is 91.0
Get LATEST driver version for 91.0
Driver [/Users/m/.wdm/drivers/geckodriver/macos/v0.29.1/geckodriver] found in cache
#####==========2021-08-12==========#####

START
execucao :  2020


execucao :  2021




receita -  previsto :  2020
receita -  previsto :  2021


receita -  arrecadado :  2020
receita -  arrecadado :  2021


2021-08-12
DONE!
#####==========2021-08-12==========#####



====== WebDriver manager ======
Current firefox version is 91.0
Get LATEST driver version for 91.0
Get LATEST driver version for 91.0
Getting latest mozilla release info for v0.29.1
Get LATEST driver version for 91.0
Get LATEST driver version for 91.0
Trying to download new driver from https://github.com/mozilla/geckodriver/releases/download/v0.29.1/geckodriver-v0.29.1-macos.tar.gz
Driver has been saved in cache [/Users/m/.wdm/drivers/geckodriver/macos/v0.29.1]


====== WebDriver manager ======
Current firefox version is 91.0
Get LATEST driver version for 91.0
Driver [/Users/m/.wdm/drivers/geckodriver/macos/v0.29.1/geckodriver] found in cache


====== WebDriver manager ======
Current firefox version is 91.0
Get LATEST driver version for 91.0
Driver [/Users/m/.wdm/drivers/geckodriver/macos/v0.29.1/geckodriver] found in cache


====== WebDriver manager ======
Current firefox version is 91.0
Get LATEST driver version for 91.0
Driver [/Users/m/.wdm/drivers/geckodriver/macos/v0.29.1/geckodriver] found in cache


====== WebDriver manager ======
Current firefox version is 91.0
Get LATEST driver version for 91.0
Driver [/Users/m/.wdm/drivers/geckodriver/macos/v0.29.1/geckodriver] found in cache


====== WebDriver manager ======
Current firefox version is 91.0
Get LATEST driver version for 91.0
Driver [/Users/m/.wdm/drivers/geckodriver/macos/v0.29.1/geckodriver] found in cache
#####==========2021-08-13==========#####

START
execucao :  2020


execucao :  2021




receita -  previsto :  2020
receita -  previsto :  2021


receita -  arrecadado :  2020
receita -  arrecadado :  2021


2021-08-13
DONE!
#####==========2021-08-13==========#####



====== WebDriver manager ======
Current firefox version is 91.0
Get LATEST driver version for 91.0
Get LATEST driver version for 91.0
Getting latest mozilla release info for v0.29.1
Get LATEST driver version for 91.0
Get LATEST driver version for 91.0
Trying to download new driver from https://github.com/mozilla/geckodriver/releases/download/v0.29.1/geckodriver-v0.29.1-macos.tar.gz
Driver has been saved in cache [/Users/m/.wdm/drivers/geckodriver/macos/v0.29.1]


====== WebDriver manager ======
Current firefox version is 91.0
Get LATEST driver version for 91.0
Driver [/Users/m/.wdm/drivers/geckodriver/macos/v0.29.1/geckodriver] found in cache


====== WebDriver manager ======
Current firefox version is 91.0
Get LATEST driver version for 91.0
Driver [/Users/m/.wdm/drivers/geckodriver/macos/v0.29.1/geckodriver] found in cache


====== WebDriver manager ======
Current firefox version is 91.0
Get LATEST driver version for 91.0
Driver [/Users/m/.wdm/drivers/geckodriver/macos/v0.29.1/geckodriver] found in cache


====== WebDriver manager ======
Current firefox version is 91.0
Get LATEST driver version for 91.0
Driver [/Users/m/.wdm/drivers/geckodriver/macos/v0.29.1/geckodriver] found in cache


====== WebDriver manager ======
Current firefox version is 91.0
Get LATEST driver version for 91.0
Driver [/Users/m/.wdm/drivers/geckodriver/macos/v0.29.1/geckodriver] found in cache
#####==========2021-08-15==========#####

START
execucao :  2020


execucao :  2021




receita -  previsto :  2020
receita -  previsto :  2021


receita -  arrecadado :  2020
receita -  arrecadado :  2021


2021-08-15
DONE!
#####==========2021-08-15==========#####



====== WebDriver manager ======
Current firefox version is 91.0
Get LATEST driver version for 91.0
Get LATEST driver version for 91.0
Getting latest mozilla release info for v0.29.1
Get LATEST driver version for 91.0
Get LATEST driver version for 91.0
Trying to download new driver from https://github.com/mozilla/geckodriver/releases/download/v0.29.1/geckodriver-v0.29.1-macos.tar.gz
Driver has been saved in cache [/Users/m/.wdm/drivers/geckodriver/macos/v0.29.1]


====== WebDriver manager ======
Current firefox version is 91.0
Get LATEST driver version for 91.0
Driver [/Users/m/.wdm/drivers/geckodriver/macos/v0.29.1/geckodriver] found in cache


====== WebDriver manager ======
Current firefox version is 91.0
Get LATEST driver version for 91.0
Driver [/Users/m/.wdm/drivers/geckodriver/macos/v0.29.1/geckodriver] found in cache


====== WebDriver manager ======
Current firefox version is 91.0
Get LATEST driver version for 91.0
Driver [/Users/m/.wdm/drivers/geckodriver/macos/v0.29.1/geckodriver] found in cache


====== WebDriver manager ======
Current firefox version is 91.0
Get LATEST driver version for 91.0
Driver [/Users/m/.wdm/drivers/geckodriver/macos/v0.29.1/geckodriver] found in cache


====== WebDriver manager ======
Current firefox version is 91.0
Get LATEST driver version for 91.0
Driver [/Users/m/.wdm/drivers/geckodriver/macos/v0.29.1/geckodriver] found in cache
#####==========2021-08-16==========#####

START
execucao :  2020


execucao :  2021




receita -  previsto :  2020
receita -  previsto :  2021


receita -  arrecadado :  2020
receita -  arrecadado :  2021


2021-08-16
DONE!
#####==========2021-08-16==========#####



====== WebDriver manager ======
Current firefox version is 91.0
Get LATEST driver version for 91.0
Get LATEST driver version for 91.0
Getting latest mozilla release info for v0.29.1
Get LATEST driver version for 91.0
Get LATEST driver version for 91.0
Trying to download new driver from https://github.com/mozilla/geckodriver/releases/download/v0.29.1/geckodriver-v0.29.1-macos.tar.gz
Driver has been saved in cache [/Users/m/.wdm/drivers/geckodriver/macos/v0.29.1]
#####==========2021-08-17==========#####

START
execucao :  2020
Traceback (most recent call last):
  File "/Users/m/gabinite_sv/orcamento_sp/notebooks/run.py", line 90, in <module>
    main()
  File "/Users/m/gabinite_sv/orcamento_sp/notebooks/run.py", line 82, in main
    upload_bigQuerry()
  File "/Users/m/gabinite_sv/orcamento_sp/notebooks/run.py", line 18, in upload_bigQuerry
    io.get_orcamento_executado()
  File "../scripts/io.py", line 66, in get_orcamento_executado
    firefox = webdriver.Firefox(
  File "/Users/m/gabinite_sv/orcamento_sp/.orcamento_sp/lib/python3.9/site-packages/selenium/webdriver/firefox/webdriver.py", line 170, in __init__
    RemoteWebDriver.__init__(
  File "/Users/m/gabinite_sv/orcamento_sp/.orcamento_sp/lib/python3.9/site-packages/selenium/webdriver/remote/webdriver.py", line 157, in __init__
    self.start_session(capabilities, browser_profile)
  File "/Users/m/gabinite_sv/orcamento_sp/.orcamento_sp/lib/python3.9/site-packages/selenium/webdriver/remote/webdriver.py", line 252, in start_session
    response = self.execute(Command.NEW_SESSION, parameters)
  File "/Users/m/gabinite_sv/orcamento_sp/.orcamento_sp/lib/python3.9/site-packages/selenium/webdriver/remote/webdriver.py", line 321, in execute
    self.error_handler.check_response(response)
  File "/Users/m/gabinite_sv/orcamento_sp/.orcamento_sp/lib/python3.9/site-packages/selenium/webdriver/remote/errorhandler.py", line 242, in check_response
    raise exception_class(message, screen, stacktrace)
selenium.common.exceptions.WebDriverException: Message: Process unexpectedly closed with status 0



====== WebDriver manager ======
Current firefox version is 91.0.1
Get LATEST driver version for 91.0.1
There is no [macos] geckodriver for browser 91.0.1 in cache
Get LATEST driver version for 91.0.1
Getting latest mozilla release info for v0.29.1
Get LATEST driver version for 91.0.1
Get LATEST driver version for 91.0.1
Trying to download new driver from https://github.com/mozilla/geckodriver/releases/download/v0.29.1/geckodriver-v0.29.1-macos.tar.gz
Driver has been saved in cache [/Users/m/.wdm/drivers/geckodriver/macos/v0.29.1]


====== WebDriver manager ======
Current firefox version is 91.0.1
Get LATEST driver version for 91.0.1
Driver [/Users/m/.wdm/drivers/geckodriver/macos/v0.29.1/geckodriver] found in cache


====== WebDriver manager ======
Current firefox version is 91.0.1
Get LATEST driver version for 91.0.1
Driver [/Users/m/.wdm/drivers/geckodriver/macos/v0.29.1/geckodriver] found in cache


====== WebDriver manager ======
Current firefox version is 91.0.1
Get LATEST driver version for 91.0.1
Driver [/Users/m/.wdm/drivers/geckodriver/macos/v0.29.1/geckodriver] found in cache


====== WebDriver manager ======
Current firefox version is 91.0.1
Get LATEST driver version for 91.0.1
Driver [/Users/m/.wdm/drivers/geckodriver/macos/v0.29.1/geckodriver] found in cache


====== WebDriver manager ======
Current firefox version is 91.0.1
Get LATEST driver version for 91.0.1
Driver [/Users/m/.wdm/drivers/geckodriver/macos/v0.29.1/geckodriver] found in cache
#####==========2021-08-18==========#####

START
execucao :  2020


execucao :  2021




receita -  previsto :  2020
receita -  previsto :  2021


receita -  arrecadado :  2020
receita -  arrecadado :  2021


Traceback (most recent call last):
  File "/Users/m/gabinite_sv/orcamento_sp/.orcamento_sp/lib/python3.9/site-packages/urllib3/connection.py", line 169, in _new_conn
    conn = connection.create_connection(
  File "/Users/m/gabinite_sv/orcamento_sp/.orcamento_sp/lib/python3.9/site-packages/urllib3/util/connection.py", line 96, in create_connection
    raise err
  File "/Users/m/gabinite_sv/orcamento_sp/.orcamento_sp/lib/python3.9/site-packages/urllib3/util/connection.py", line 86, in create_connection
    sock.connect(sa)
TimeoutError: [Errno 60] Operation timed out

During handling of the above exception, another exception occurred:

Traceback (most recent call last):
  File "/Users/m/gabinite_sv/orcamento_sp/.orcamento_sp/lib/python3.9/site-packages/urllib3/connectionpool.py", line 699, in urlopen
    httplib_response = self._make_request(
  File "/Users/m/gabinite_sv/orcamento_sp/.orcamento_sp/lib/python3.9/site-packages/urllib3/connectionpool.py", line 382, in _make_request
    self._validate_conn(conn)
  File "/Users/m/gabinite_sv/orcamento_sp/.orcamento_sp/lib/python3.9/site-packages/urllib3/connectionpool.py", line 1010, in _validate_conn
    conn.connect()
  File "/Users/m/gabinite_sv/orcamento_sp/.orcamento_sp/lib/python3.9/site-packages/urllib3/connection.py", line 353, in connect
    conn = self._new_conn()
  File "/Users/m/gabinite_sv/orcamento_sp/.orcamento_sp/lib/python3.9/site-packages/urllib3/connection.py", line 181, in _new_conn
    raise NewConnectionError(
urllib3.exceptions.NewConnectionError: <urllib3.connection.HTTPSConnection object at 0x7f80e92016a0>: Failed to establish a new connection: [Errno 60] Operation timed out

During handling of the above exception, another exception occurred:

Traceback (most recent call last):
  File "/Users/m/gabinite_sv/orcamento_sp/.orcamento_sp/lib/python3.9/site-packages/requests/adapters.py", line 439, in send
    resp = conn.urlopen(
  File "/Users/m/gabinite_sv/orcamento_sp/.orcamento_sp/lib/python3.9/site-packages/urllib3/connectionpool.py", line 755, in urlopen
    retries = retries.increment(
  File "/Users/m/gabinite_sv/orcamento_sp/.orcamento_sp/lib/python3.9/site-packages/urllib3/util/retry.py", line 574, in increment
    raise MaxRetryError(_pool, url, error or ResponseError(cause))
urllib3.exceptions.MaxRetryError: HTTPSConnectionPool(host='oauth2.googleapis.com', port=443): Max retries exceeded with url: /token (Caused by NewConnectionError('<urllib3.connection.HTTPSConnection object at 0x7f80e92016a0>: Failed to establish a new connection: [Errno 60] Operation timed out'))

During handling of the above exception, another exception occurred:

Traceback (most recent call last):
  File "/Users/m/gabinite_sv/orcamento_sp/.orcamento_sp/lib/python3.9/site-packages/google/auth/transport/requests.py", line 183, in __call__
    response = self.session.request(
  File "/Users/m/gabinite_sv/orcamento_sp/.orcamento_sp/lib/python3.9/site-packages/requests/sessions.py", line 542, in request
    resp = self.send(prep, **send_kwargs)
  File "/Users/m/gabinite_sv/orcamento_sp/.orcamento_sp/lib/python3.9/site-packages/requests/sessions.py", line 655, in send
    r = adapter.send(request, **kwargs)
  File "/Users/m/gabinite_sv/orcamento_sp/.orcamento_sp/lib/python3.9/site-packages/requests/adapters.py", line 516, in send
    raise ConnectionError(e, request=request)
requests.exceptions.ConnectionError: HTTPSConnectionPool(host='oauth2.googleapis.com', port=443): Max retries exceeded with url: /token (Caused by NewConnectionError('<urllib3.connection.HTTPSConnection object at 0x7f80e92016a0>: Failed to establish a new connection: [Errno 60] Operation timed out'))

The above exception was the direct cause of the following exception:

Traceback (most recent call last):
  File "/Users/m/gabinite_sv/orcamento_sp/notebooks/run.py", line 90, in <module>
    main()
  File "/Users/m/gabinite_sv/orcamento_sp/notebooks/run.py", line 82, in main
    upload_bigQuerry()
  File "/Users/m/gabinite_sv/orcamento_sp/notebooks/run.py", line 33, in upload_bigQuerry
    io.to_gbq(
  File "../scripts/io.py", line 332, in to_gbq
    df, destination_table, project_id, credentials=_get_credentials_gbq(), **kwargs
  File "../scripts/io.py", line 311, in _get_credentials_gbq
    credentials = pydata_google_auth.get_user_credentials(
  File "/Users/m/gabinite_sv/orcamento_sp/.orcamento_sp/lib/python3.9/site-packages/pydata_google_auth/auth.py", line 245, in get_user_credentials
    credentials = credentials_cache.load()
  File "/Users/m/gabinite_sv/orcamento_sp/.orcamento_sp/lib/python3.9/site-packages/pydata_google_auth/cache.py", line 220, in load
    return _load_user_credentials_from_file(self._path)
  File "/Users/m/gabinite_sv/orcamento_sp/.orcamento_sp/lib/python3.9/site-packages/pydata_google_auth/cache.py", line 89, in _load_user_credentials_from_file
    return _load_user_credentials_from_info(credentials_json)
  File "/Users/m/gabinite_sv/orcamento_sp/.orcamento_sp/lib/python3.9/site-packages/pydata_google_auth/cache.py", line 54, in _load_user_credentials_from_info
    credentials.refresh(request)
  File "/Users/m/gabinite_sv/orcamento_sp/.orcamento_sp/lib/python3.9/site-packages/google/oauth2/credentials.py", line 228, in refresh
    ) = reauth.refresh_grant(
  File "/Users/m/gabinite_sv/orcamento_sp/.orcamento_sp/lib/python3.9/site-packages/google/oauth2/reauth.py", line 318, in refresh_grant
    response_status_ok, response_data = _client._token_endpoint_request_no_throw(
  File "/Users/m/gabinite_sv/orcamento_sp/.orcamento_sp/lib/python3.9/site-packages/google/oauth2/_client.py", line 115, in _token_endpoint_request_no_throw
    response = request(method="POST", url=token_uri, headers=headers, body=body)
  File "/Users/m/gabinite_sv/orcamento_sp/.orcamento_sp/lib/python3.9/site-packages/google/auth/transport/requests.py", line 189, in __call__
    six.raise_from(new_exc, caught_exc)
  File "<string>", line 3, in raise_from
google.auth.exceptions.TransportError: HTTPSConnectionPool(host='oauth2.googleapis.com', port=443): Max retries exceeded with url: /token (Caused by NewConnectionError('<urllib3.connection.HTTPSConnection object at 0x7f80e92016a0>: Failed to establish a new connection: [Errno 60] Operation timed out'))


====== WebDriver manager ======
Current firefox version is 91.0.1
Get LATEST driver version for 91.0.1
Get LATEST driver version for 91.0.1
Getting latest mozilla release info for v0.29.1
Get LATEST driver version for 91.0.1
Get LATEST driver version for 91.0.1
Trying to download new driver from https://github.com/mozilla/geckodriver/releases/download/v0.29.1/geckodriver-v0.29.1-macos.tar.gz
Driver has been saved in cache [/Users/m/.wdm/drivers/geckodriver/macos/v0.29.1]


====== WebDriver manager ======
Current firefox version is 91.0.1
Get LATEST driver version for 91.0.1
Driver [/Users/m/.wdm/drivers/geckodriver/macos/v0.29.1/geckodriver] found in cache


====== WebDriver manager ======
Current firefox version is 91.0.1
Get LATEST driver version for 91.0.1
Driver [/Users/m/.wdm/drivers/geckodriver/macos/v0.29.1/geckodriver] found in cache
#####==========2021-08-20==========#####

START
execucao :  2020


execucao :  2021




receita -  previsto :  2020
Traceback (most recent call last):
  File "/Users/m/gabinite_sv/orcamento_sp/notebooks/run.py", line 90, in <module>
    main()
  File "/Users/m/gabinite_sv/orcamento_sp/notebooks/run.py", line 82, in main
    upload_bigQuerry()
  File "/Users/m/gabinite_sv/orcamento_sp/notebooks/run.py", line 27, in upload_bigQuerry
    io.get_orcamento_receita("previsto")
  File "../scripts/io.py", line 257, in get_orcamento_receita
    firefox.find_element_by_name("ctl00$ContentPlaceHolder1$btnExcel").click()
  File "/Users/m/gabinite_sv/orcamento_sp/.orcamento_sp/lib/python3.9/site-packages/selenium/webdriver/remote/webdriver.py", line 496, in find_element_by_name
    return self.find_element(by=By.NAME, value=name)
  File "/Users/m/gabinite_sv/orcamento_sp/.orcamento_sp/lib/python3.9/site-packages/selenium/webdriver/remote/webdriver.py", line 976, in find_element
    return self.execute(Command.FIND_ELEMENT, {
  File "/Users/m/gabinite_sv/orcamento_sp/.orcamento_sp/lib/python3.9/site-packages/selenium/webdriver/remote/webdriver.py", line 321, in execute
    self.error_handler.check_response(response)
  File "/Users/m/gabinite_sv/orcamento_sp/.orcamento_sp/lib/python3.9/site-packages/selenium/webdriver/remote/errorhandler.py", line 241, in check_response
    raise exception_class(message, screen, stacktrace, alert_text)
selenium.common.exceptions.UnexpectedAlertPresentException: Alert Text: None
Message: Dismissed user prompt dialog:  
 Informe a(s) fase(s)



====== WebDriver manager ======
Current firefox version is 91.0.1
Get LATEST driver version for 91.0.1
Get LATEST driver version for 91.0.1
Getting latest mozilla release info for v0.29.1
Get LATEST driver version for 91.0.1
Get LATEST driver version for 91.0.1
Trying to download new driver from https://github.com/mozilla/geckodriver/releases/download/v0.29.1/geckodriver-v0.29.1-macos.tar.gz
Driver has been saved in cache [/Users/m/.wdm/drivers/geckodriver/macos/v0.29.1]


====== WebDriver manager ======
Current firefox version is 91.0.1
Get LATEST driver version for 91.0.1
Driver [/Users/m/.wdm/drivers/geckodriver/macos/v0.29.1/geckodriver] found in cache


====== WebDriver manager ======
Current firefox version is 91.0.1
Get LATEST driver version for 91.0.1
Driver [/Users/m/.wdm/drivers/geckodriver/macos/v0.29.1/geckodriver] found in cache


====== WebDriver manager ======
Current firefox version is 91.0.1
Get LATEST driver version for 91.0.1
Driver [/Users/m/.wdm/drivers/geckodriver/macos/v0.29.1/geckodriver] found in cache


====== WebDriver manager ======
Current firefox version is 91.0.1
Get LATEST driver version for 91.0.1
Driver [/Users/m/.wdm/drivers/geckodriver/macos/v0.29.1/geckodriver] found in cache


====== WebDriver manager ======
Current firefox version is 91.0.1
Get LATEST driver version for 91.0.1
Driver [/Users/m/.wdm/drivers/geckodriver/macos/v0.29.1/geckodriver] found in cache
#####==========2021-08-23==========#####

START
execucao :  2020


execucao :  2021




receita -  previsto :  2020
receita -  previsto :  2021


receita -  arrecadado :  2020
receita -  arrecadado :  2021


2021-08-23
DONE!
#####==========2021-08-23==========#####



====== WebDriver manager ======
Current firefox version is 91.0.1
Get LATEST driver version for 91.0.1
Get LATEST driver version for 91.0.1
Getting latest mozilla release info for v0.29.1
Get LATEST driver version for 91.0.1
Get LATEST driver version for 91.0.1
Trying to download new driver from https://github.com/mozilla/geckodriver/releases/download/v0.29.1/geckodriver-v0.29.1-macos.tar.gz
Driver has been saved in cache [/Users/m/.wdm/drivers/geckodriver/macos/v0.29.1]
#####==========2021-08-25==========#####

START
execucao :  2020
Traceback (most recent call last):
  File "/Users/m/gabinite_sv/orcamento_sp/notebooks/run.py", line 90, in <module>
    main()
  File "/Users/m/gabinite_sv/orcamento_sp/notebooks/run.py", line 82, in main
    upload_bigQuerry()
  File "/Users/m/gabinite_sv/orcamento_sp/notebooks/run.py", line 18, in upload_bigQuerry
    io.get_orcamento_executado()
  File "../scripts/io.py", line 66, in get_orcamento_executado
    firefox = webdriver.Firefox(
  File "/Users/m/gabinite_sv/orcamento_sp/.orcamento_sp/lib/python3.9/site-packages/selenium/webdriver/firefox/webdriver.py", line 170, in __init__
    RemoteWebDriver.__init__(
  File "/Users/m/gabinite_sv/orcamento_sp/.orcamento_sp/lib/python3.9/site-packages/selenium/webdriver/remote/webdriver.py", line 157, in __init__
    self.start_session(capabilities, browser_profile)
  File "/Users/m/gabinite_sv/orcamento_sp/.orcamento_sp/lib/python3.9/site-packages/selenium/webdriver/remote/webdriver.py", line 252, in start_session
    response = self.execute(Command.NEW_SESSION, parameters)
  File "/Users/m/gabinite_sv/orcamento_sp/.orcamento_sp/lib/python3.9/site-packages/selenium/webdriver/remote/webdriver.py", line 321, in execute
    self.error_handler.check_response(response)
  File "/Users/m/gabinite_sv/orcamento_sp/.orcamento_sp/lib/python3.9/site-packages/selenium/webdriver/remote/errorhandler.py", line 242, in check_response
    raise exception_class(message, screen, stacktrace)
selenium.common.exceptions.WebDriverException: Message: Process unexpectedly closed with status 0



====== WebDriver manager ======
Current firefox version is 91.0.2
Get LATEST driver version for 91.0.2
There is no [macos] geckodriver for browser 91.0.2 in cache
Get LATEST driver version for 91.0.2
Getting latest mozilla release info for v0.29.1
Get LATEST driver version for 91.0.2
Get LATEST driver version for 91.0.2
Trying to download new driver from https://github.com/mozilla/geckodriver/releases/download/v0.29.1/geckodriver-v0.29.1-macos.tar.gz
Driver has been saved in cache [/Users/m/.wdm/drivers/geckodriver/macos/v0.29.1]


====== WebDriver manager ======
#####==========2021-08-29==========#####

START
execucao :  2020


execucao :  2021
Traceback (most recent call last):
  File "/Users/m/gabinite_sv/orcamento_sp/notebooks/run.py", line 90, in <module>
    main()
  File "/Users/m/gabinite_sv/orcamento_sp/notebooks/run.py", line 82, in main
    upload_bigQuerry()
  File "/Users/m/gabinite_sv/orcamento_sp/notebooks/run.py", line 18, in upload_bigQuerry
    io.get_orcamento_executado()
  File "../scripts/io.py", line 69, in get_orcamento_executado
    executable_path=GeckoDriverManager().install(),
  File "/Users/m/gabinite_sv/orcamento_sp/.orcamento_sp/lib/python3.9/site-packages/webdriver_manager/firefox.py", line 22, in __init__
    self.driver = GeckoDriver(version=version,
  File "/Users/m/gabinite_sv/orcamento_sp/.orcamento_sp/lib/python3.9/site-packages/webdriver_manager/driver.py", line 83, in __init__
    self.browser_version = firefox_version()
  File "/Users/m/gabinite_sv/orcamento_sp/.orcamento_sp/lib/python3.9/site-packages/webdriver_manager/utils.py", line 174, in firefox_version
    raise ValueError(f'Could not get version for Firefox with this command: {cmd}')
ValueError: Could not get version for Firefox with this command: /Applications/Firefox.app/Contents/MacOS/firefox --version


====== WebDriver manager ======
Current firefox version is 91.0.2
Get LATEST driver version for 91.0.2
Get LATEST driver version for 91.0.2
Getting latest mozilla release info for v0.29.1
Get LATEST driver version for 91.0.2
Get LATEST driver version for 91.0.2
Trying to download new driver from https://github.com/mozilla/geckodriver/releases/download/v0.29.1/geckodriver-v0.29.1-macos.tar.gz
Driver has been saved in cache [/Users/m/.wdm/drivers/geckodriver/macos/v0.29.1]


====== WebDriver manager ======
Current firefox version is 91.0.2
Get LATEST driver version for 91.0.2
Driver [/Users/m/.wdm/drivers/geckodriver/macos/v0.29.1/geckodriver] found in cache


====== WebDriver manager ======
Current firefox version is 91.0.2
Get LATEST driver version for 91.0.2
Driver [/Users/m/.wdm/drivers/geckodriver/macos/v0.29.1/geckodriver] found in cache


====== WebDriver manager ======
Current firefox version is 91.0.2
Get LATEST driver version for 91.0.2
Driver [/Users/m/.wdm/drivers/geckodriver/macos/v0.29.1/geckodriver] found in cache


====== WebDriver manager ======
Current firefox version is 91.0.2
Get LATEST driver version for 91.0.2
Driver [/Users/m/.wdm/drivers/geckodriver/macos/v0.29.1/geckodriver] found in cache


====== WebDriver manager ======
Current firefox version is 91.0.2
Get LATEST driver version for 91.0.2
Driver [/Users/m/.wdm/drivers/geckodriver/macos/v0.29.1/geckodriver] found in cache
#####==========2021-08-30==========#####

START
execucao :  2020


execucao :  2021




receita -  previsto :  2020
receita -  previsto :  2021


receita -  arrecadado :  2020
receita -  arrecadado :  2021


2021-08-30
DONE!
#####==========2021-08-30==========#####



====== WebDriver manager ======
Current firefox version is 91.0.2
Get LATEST driver version for 91.0.2
Get LATEST driver version for 91.0.2
Getting latest mozilla release info for v0.29.1
Get LATEST driver version for 91.0.2
Get LATEST driver version for 91.0.2
Trying to download new driver from https://github.com/mozilla/geckodriver/releases/download/v0.29.1/geckodriver-v0.29.1-macos.tar.gz
Driver has been saved in cache [/Users/m/.wdm/drivers/geckodriver/macos/v0.29.1]
#####==========2021-08-31==========#####

START
execucao :  2020
Traceback (most recent call last):
  File "/Users/m/gabinite_sv/orcamento_sp/notebooks/run.py", line 90, in <module>
    main()
  File "/Users/m/gabinite_sv/orcamento_sp/notebooks/run.py", line 82, in main
    upload_bigQuerry()
  File "/Users/m/gabinite_sv/orcamento_sp/notebooks/run.py", line 18, in upload_bigQuerry
    io.get_orcamento_executado()
  File "../scripts/io.py", line 114, in get_orcamento_executado
    firefox.find_element_by_name("ctl00$ContentPlaceHolder1$btnExcel").click()
  File "/Users/m/gabinite_sv/orcamento_sp/.orcamento_sp/lib/python3.9/site-packages/selenium/webdriver/remote/webdriver.py", line 496, in find_element_by_name
    return self.find_element(by=By.NAME, value=name)
  File "/Users/m/gabinite_sv/orcamento_sp/.orcamento_sp/lib/python3.9/site-packages/selenium/webdriver/remote/webdriver.py", line 976, in find_element
    return self.execute(Command.FIND_ELEMENT, {
  File "/Users/m/gabinite_sv/orcamento_sp/.orcamento_sp/lib/python3.9/site-packages/selenium/webdriver/remote/webdriver.py", line 321, in execute
    self.error_handler.check_response(response)
  File "/Users/m/gabinite_sv/orcamento_sp/.orcamento_sp/lib/python3.9/site-packages/selenium/webdriver/remote/errorhandler.py", line 242, in check_response
    raise exception_class(message, screen, stacktrace)
selenium.common.exceptions.NoSuchElementException: Message: Unable to locate element: [name="ctl00$ContentPlaceHolder1$btnExcel"]



====== WebDriver manager ======
Current firefox version is 91.0.2
Get LATEST driver version for 91.0.2
Get LATEST driver version for 91.0.2
Getting latest mozilla release info for v0.29.1
Get LATEST driver version for 91.0.2
Get LATEST driver version for 91.0.2
Trying to download new driver from https://github.com/mozilla/geckodriver/releases/download/v0.29.1/geckodriver-v0.29.1-macos.tar.gz
Driver has been saved in cache [/Users/m/.wdm/drivers/geckodriver/macos/v0.29.1]


====== WebDriver manager ======
Current firefox version is 91.0.2
Get LATEST driver version for 91.0.2
Driver [/Users/m/.wdm/drivers/geckodriver/macos/v0.29.1/geckodriver] found in cache


====== WebDriver manager ======
Current firefox version is 91.0.2
Get LATEST driver version for 91.0.2
Driver [/Users/m/.wdm/drivers/geckodriver/macos/v0.29.1/geckodriver] found in cache


====== WebDriver manager ======
Current firefox version is 91.0.2
Get LATEST driver version for 91.0.2
Driver [/Users/m/.wdm/drivers/geckodriver/macos/v0.29.1/geckodriver] found in cache


====== WebDriver manager ======
Current firefox version is 91.0.2
Get LATEST driver version for 91.0.2
Driver [/Users/m/.wdm/drivers/geckodriver/macos/v0.29.1/geckodriver] found in cache


====== WebDriver manager ======
Current firefox version is 91.0.2
Get LATEST driver version for 91.0.2
Driver [/Users/m/.wdm/drivers/geckodriver/macos/v0.29.1/geckodriver] found in cache
#####==========2021-09-01==========#####

START
execucao :  2020


execucao :  2021




receita -  previsto :  2020
receita -  previsto :  2021


receita -  arrecadado :  2020
receita -  arrecadado :  2021


2021-09-01
DONE!
#####==========2021-09-01==========#####



====== WebDriver manager ======
Current firefox version is 91.0.2
Get LATEST driver version for 91.0.2
Get LATEST driver version for 91.0.2
Getting latest mozilla release info for v0.29.1
Get LATEST driver version for 91.0.2
Get LATEST driver version for 91.0.2
Trying to download new driver from https://github.com/mozilla/geckodriver/releases/download/v0.29.1/geckodriver-v0.29.1-macos.tar.gz
Driver has been saved in cache [/Users/m/.wdm/drivers/geckodriver/macos/v0.29.1]


====== WebDriver manager ======
Current firefox version is 91.0.2
Get LATEST driver version for 91.0.2
Driver [/Users/m/.wdm/drivers/geckodriver/macos/v0.29.1/geckodriver] found in cache


====== WebDriver manager ======
Current firefox version is 91.0.2
Get LATEST driver version for 91.0.2
Driver [/Users/m/.wdm/drivers/geckodriver/macos/v0.29.1/geckodriver] found in cache


====== WebDriver manager ======
Current firefox version is 91.0.2
Get LATEST driver version for 91.0.2
Driver [/Users/m/.wdm/drivers/geckodriver/macos/v0.29.1/geckodriver] found in cache


====== WebDriver manager ======
Current firefox version is 91.0.2
Get LATEST driver version for 91.0.2
Driver [/Users/m/.wdm/drivers/geckodriver/macos/v0.29.1/geckodriver] found in cache


====== WebDriver manager ======
Current firefox version is 91.0.2
Get LATEST driver version for 91.0.2
Driver [/Users/m/.wdm/drivers/geckodriver/macos/v0.29.1/geckodriver] found in cache
#####==========2021-09-02==========#####

START
execucao :  2020


execucao :  2021




receita -  previsto :  2020
receita -  previsto :  2021


receita -  arrecadado :  2020
receita -  arrecadado :  2021


2021-09-02
DONE!
#####==========2021-09-02==========#####



====== WebDriver manager ======
Current firefox version is 91.0.2
Get LATEST driver version for 91.0.2
Get LATEST driver version for 91.0.2
Getting latest mozilla release info for v0.29.1
Get LATEST driver version for 91.0.2
Get LATEST driver version for 91.0.2
Trying to download new driver from https://github.com/mozilla/geckodriver/releases/download/v0.29.1/geckodriver-v0.29.1-macos.tar.gz
Driver has been saved in cache [/Users/m/.wdm/drivers/geckodriver/macos/v0.29.1]


====== WebDriver manager ======
Current firefox version is 91.0.2
Get LATEST driver version for 91.0.2
Driver [/Users/m/.wdm/drivers/geckodriver/macos/v0.29.1/geckodriver] found in cache


====== WebDriver manager ======
Current firefox version is 91.0.2
Get LATEST driver version for 91.0.2
Driver [/Users/m/.wdm/drivers/geckodriver/macos/v0.29.1/geckodriver] found in cache


====== WebDriver manager ======
Current firefox version is 91.0.2
Get LATEST driver version for 91.0.2
Driver [/Users/m/.wdm/drivers/geckodriver/macos/v0.29.1/geckodriver] found in cache


====== WebDriver manager ======
Current firefox version is 91.0.2
Get LATEST driver version for 91.0.2
Driver [/Users/m/.wdm/drivers/geckodriver/macos/v0.29.1/geckodriver] found in cache


====== WebDriver manager ======
Current firefox version is 91.0.2
Get LATEST driver version for 91.0.2
Driver [/Users/m/.wdm/drivers/geckodriver/macos/v0.29.1/geckodriver] found in cache
#####==========2021-09-03==========#####

START
execucao :  2020


execucao :  2021




receita -  previsto :  2020
receita -  previsto :  2021


receita -  arrecadado :  2020
receita -  arrecadado :  2021


2021-09-03
DONE!
#####==========2021-09-03==========#####



====== WebDriver manager ======
Current firefox version is 92.0
Get LATEST driver version for 92.0
There is no [macos] geckodriver for browser 92.0 in cache
Get LATEST driver version for 92.0
Getting latest mozilla release info for v0.29.1
Get LATEST driver version for 92.0
Get LATEST driver version for 92.0
Trying to download new driver from https://github.com/mozilla/geckodriver/releases/download/v0.29.1/geckodriver-v0.29.1-macos.tar.gz
Driver has been saved in cache [/Users/m/.wdm/drivers/geckodriver/macos/v0.29.1]


====== WebDriver manager ======
Current firefox version is 92.0
Get LATEST driver version for 92.0
Driver [/Users/m/.wdm/drivers/geckodriver/macos/v0.29.1/geckodriver] found in cache


====== WebDriver manager ======
Current firefox version is 92.0
Get LATEST driver version for 92.0
Driver [/Users/m/.wdm/drivers/geckodriver/macos/v0.29.1/geckodriver] found in cache


====== WebDriver manager ======
Current firefox version is 92.0
Get LATEST driver version for 92.0
Driver [/Users/m/.wdm/drivers/geckodriver/macos/v0.29.1/geckodriver] found in cache


====== WebDriver manager ======
Current firefox version is 92.0
Get LATEST driver version for 92.0
Driver [/Users/m/.wdm/drivers/geckodriver/macos/v0.29.1/geckodriver] found in cache


====== WebDriver manager ======
Current firefox version is 92.0
Get LATEST driver version for 92.0
Driver [/Users/m/.wdm/drivers/geckodriver/macos/v0.29.1/geckodriver] found in cache
#####==========2021-09-07==========#####

START
execucao :  2020


execucao :  2021




receita -  previsto :  2020
receita -  previsto :  2021


receita -  arrecadado :  2020
receita -  arrecadado :  2021


2021-09-07
DONE!
#####==========2021-09-07==========#####



====== WebDriver manager ======
Current firefox version is 92.0
Get LATEST driver version for 92.0
Get LATEST driver version for 92.0
Getting latest mozilla release info for v0.29.1
Get LATEST driver version for 92.0
Get LATEST driver version for 92.0
Trying to download new driver from https://github.com/mozilla/geckodriver/releases/download/v0.29.1/geckodriver-v0.29.1-macos.tar.gz
Driver has been saved in cache [/Users/m/.wdm/drivers/geckodriver/macos/v0.29.1]


====== WebDriver manager ======
Current firefox version is 92.0
Get LATEST driver version for 92.0
Driver [/Users/m/.wdm/drivers/geckodriver/macos/v0.29.1/geckodriver] found in cache


====== WebDriver manager ======
Current firefox version is 92.0
Get LATEST driver version for 92.0
Driver [/Users/m/.wdm/drivers/geckodriver/macos/v0.29.1/geckodriver] found in cache


====== WebDriver manager ======
Current firefox version is 92.0
Get LATEST driver version for 92.0
Driver [/Users/m/.wdm/drivers/geckodriver/macos/v0.29.1/geckodriver] found in cache


====== WebDriver manager ======
Current firefox version is 92.0
Get LATEST driver version for 92.0
Driver [/Users/m/.wdm/drivers/geckodriver/macos/v0.29.1/geckodriver] found in cache


====== WebDriver manager ======
Current firefox version is 92.0
Get LATEST driver version for 92.0
Driver [/Users/m/.wdm/drivers/geckodriver/macos/v0.29.1/geckodriver] found in cache
#####==========2021-09-08==========#####

START
execucao :  2020


execucao :  2021




receita -  previsto :  2020
receita -  previsto :  2021


receita -  arrecadado :  2020
receita -  arrecadado :  2021


2021-09-08
DONE!
#####==========2021-09-08==========#####



====== WebDriver manager ======
Current firefox version is 92.0
Get LATEST driver version for 92.0
Get LATEST driver version for 92.0
Getting latest mozilla release info for v0.29.1
Get LATEST driver version for 92.0
Get LATEST driver version for 92.0
Trying to download new driver from https://github.com/mozilla/geckodriver/releases/download/v0.29.1/geckodriver-v0.29.1-macos.tar.gz
Driver has been saved in cache [/Users/m/.wdm/drivers/geckodriver/macos/v0.29.1]


====== WebDriver manager ======
Current firefox version is 92.0
Get LATEST driver version for 92.0
Driver [/Users/m/.wdm/drivers/geckodriver/macos/v0.29.1/geckodriver] found in cache


====== WebDriver manager ======
Current firefox version is 92.0
Get LATEST driver version for 92.0
Driver [/Users/m/.wdm/drivers/geckodriver/macos/v0.29.1/geckodriver] found in cache


====== WebDriver manager ======
Current firefox version is 92.0
Get LATEST driver version for 92.0
Driver [/Users/m/.wdm/drivers/geckodriver/macos/v0.29.1/geckodriver] found in cache


====== WebDriver manager ======
Current firefox version is 92.0
Get LATEST driver version for 92.0
Driver [/Users/m/.wdm/drivers/geckodriver/macos/v0.29.1/geckodriver] found in cache


====== WebDriver manager ======
Current firefox version is 92.0
Get LATEST driver version for 92.0
Driver [/Users/m/.wdm/drivers/geckodriver/macos/v0.29.1/geckodriver] found in cache
#####==========2021-09-09==========#####

START
execucao :  2020


execucao :  2021




receita -  previsto :  2020
receita -  previsto :  2021


receita -  arrecadado :  2020
receita -  arrecadado :  2021


2021-09-09
DONE!
#####==========2021-09-09==========#####



====== WebDriver manager ======
Current firefox version is 92.0
Get LATEST driver version for 92.0
Get LATEST driver version for 92.0
Getting latest mozilla release info for v0.29.1
Get LATEST driver version for 92.0
Get LATEST driver version for 92.0
Trying to download new driver from https://github.com/mozilla/geckodriver/releases/download/v0.29.1/geckodriver-v0.29.1-macos.tar.gz
Driver has been saved in cache [/Users/m/.wdm/drivers/geckodriver/macos/v0.29.1]


====== WebDriver manager ======
Current firefox version is 92.0
Get LATEST driver version for 92.0
Driver [/Users/m/.wdm/drivers/geckodriver/macos/v0.29.1/geckodriver] found in cache


====== WebDriver manager ======
Current firefox version is 92.0
Get LATEST driver version for 92.0
Driver [/Users/m/.wdm/drivers/geckodriver/macos/v0.29.1/geckodriver] found in cache


====== WebDriver manager ======
Current firefox version is 92.0
Get LATEST driver version for 92.0
Driver [/Users/m/.wdm/drivers/geckodriver/macos/v0.29.1/geckodriver] found in cache


====== WebDriver manager ======
Current firefox version is 92.0
Get LATEST driver version for 92.0
Driver [/Users/m/.wdm/drivers/geckodriver/macos/v0.29.1/geckodriver] found in cache


====== WebDriver manager ======
Current firefox version is 92.0
Get LATEST driver version for 92.0
Driver [/Users/m/.wdm/drivers/geckodriver/macos/v0.29.1/geckodriver] found in cache
#####==========2021-09-10==========#####

START
execucao :  2020


execucao :  2021




receita -  previsto :  2020
receita -  previsto :  2021


receita -  arrecadado :  2020
receita -  arrecadado :  2021


2021-09-10
DONE!
#####==========2021-09-10==========#####



====== WebDriver manager ======
Current firefox version is 92.0
Get LATEST driver version for 92.0
Get LATEST driver version for 92.0
Getting latest mozilla release info for v0.29.1
Get LATEST driver version for 92.0
Get LATEST driver version for 92.0
Trying to download new driver from https://github.com/mozilla/geckodriver/releases/download/v0.29.1/geckodriver-v0.29.1-macos.tar.gz
Driver has been saved in cache [/Users/m/.wdm/drivers/geckodriver/macos/v0.29.1]
#####==========2021-09-11==========#####

START
execucao :  2020
Traceback (most recent call last):
  File "/Users/m/gabinite_sv/orcamento_sp/notebooks/run.py", line 90, in <module>
    main()
  File "/Users/m/gabinite_sv/orcamento_sp/notebooks/run.py", line 82, in main
    upload_bigQuerry()
  File "/Users/m/gabinite_sv/orcamento_sp/notebooks/run.py", line 18, in upload_bigQuerry
    io.get_orcamento_executado()
  File "../scripts/io.py", line 114, in get_orcamento_executado
    firefox.find_element_by_name("ctl00$ContentPlaceHolder1$btnExcel").click()
  File "/Users/m/gabinite_sv/orcamento_sp/.orcamento_sp/lib/python3.9/site-packages/selenium/webdriver/remote/webdriver.py", line 496, in find_element_by_name
    return self.find_element(by=By.NAME, value=name)
  File "/Users/m/gabinite_sv/orcamento_sp/.orcamento_sp/lib/python3.9/site-packages/selenium/webdriver/remote/webdriver.py", line 976, in find_element
    return self.execute(Command.FIND_ELEMENT, {
  File "/Users/m/gabinite_sv/orcamento_sp/.orcamento_sp/lib/python3.9/site-packages/selenium/webdriver/remote/webdriver.py", line 321, in execute
    self.error_handler.check_response(response)
  File "/Users/m/gabinite_sv/orcamento_sp/.orcamento_sp/lib/python3.9/site-packages/selenium/webdriver/remote/errorhandler.py", line 242, in check_response
    raise exception_class(message, screen, stacktrace)
selenium.common.exceptions.NoSuchElementException: Message: Unable to locate element: [name="ctl00$ContentPlaceHolder1$btnExcel"]



====== WebDriver manager ======
Current firefox version is 92.0
Get LATEST driver version for 92.0
Get LATEST driver version for 92.0
Getting latest mozilla release info for v0.29.1
Get LATEST driver version for 92.0
Get LATEST driver version for 92.0
Trying to download new driver from https://github.com/mozilla/geckodriver/releases/download/v0.29.1/geckodriver-v0.29.1-macos.tar.gz
Driver has been saved in cache [/Users/m/.wdm/drivers/geckodriver/macos/v0.29.1]


====== WebDriver manager ======
Current firefox version is 92.0
Get LATEST driver version for 92.0
Driver [/Users/m/.wdm/drivers/geckodriver/macos/v0.29.1/geckodriver] found in cache


====== WebDriver manager ======
Current firefox version is 92.0
Get LATEST driver version for 92.0
Driver [/Users/m/.wdm/drivers/geckodriver/macos/v0.29.1/geckodriver] found in cache


====== WebDriver manager ======
Current firefox version is 92.0
Get LATEST driver version for 92.0
Driver [/Users/m/.wdm/drivers/geckodriver/macos/v0.29.1/geckodriver] found in cache


====== WebDriver manager ======
Current firefox version is 92.0
Get LATEST driver version for 92.0
Driver [/Users/m/.wdm/drivers/geckodriver/macos/v0.29.1/geckodriver] found in cache


====== WebDriver manager ======
Current firefox version is 92.0
Get LATEST driver version for 92.0
Driver [/Users/m/.wdm/drivers/geckodriver/macos/v0.29.1/geckodriver] found in cache
#####==========2021-09-12==========#####

START
execucao :  2020


execucao :  2021




receita -  previsto :  2020
receita -  previsto :  2021


receita -  arrecadado :  2020
receita -  arrecadado :  2021


2021-09-12
DONE!
#####==========2021-09-12==========#####



====== WebDriver manager ======
Current firefox version is 92.0
Get LATEST driver version for 92.0
Get LATEST driver version for 92.0
Getting latest mozilla release info for v0.29.1
Get LATEST driver version for 92.0
Get LATEST driver version for 92.0
Trying to download new driver from https://github.com/mozilla/geckodriver/releases/download/v0.29.1/geckodriver-v0.29.1-macos.tar.gz
Driver has been saved in cache [/Users/m/.wdm/drivers/geckodriver/macos/v0.29.1]


====== WebDriver manager ======
Current firefox version is 92.0
Get LATEST driver version for 92.0
Driver [/Users/m/.wdm/drivers/geckodriver/macos/v0.29.1/geckodriver] found in cache


====== WebDriver manager ======
Current firefox version is 92.0
Get LATEST driver version for 92.0
Driver [/Users/m/.wdm/drivers/geckodriver/macos/v0.29.1/geckodriver] found in cache


====== WebDriver manager ======
Current firefox version is 92.0
Get LATEST driver version for 92.0
Driver [/Users/m/.wdm/drivers/geckodriver/macos/v0.29.1/geckodriver] found in cache


====== WebDriver manager ======
Current firefox version is 92.0
Get LATEST driver version for 92.0
Driver [/Users/m/.wdm/drivers/geckodriver/macos/v0.29.1/geckodriver] found in cache


====== WebDriver manager ======
Current firefox version is 92.0
Get LATEST driver version for 92.0
Driver [/Users/m/.wdm/drivers/geckodriver/macos/v0.29.1/geckodriver] found in cache
#####==========2021-09-13==========#####

START
execucao :  2020


execucao :  2021




receita -  previsto :  2020
receita -  previsto :  2021


receita -  arrecadado :  2020
receita -  arrecadado :  2021


2021-09-13
DONE!
#####==========2021-09-13==========#####



====== WebDriver manager ======
Current firefox version is 92.0
Get LATEST driver version for 92.0
Get LATEST driver version for 92.0
Getting latest mozilla release info for v0.29.1
Get LATEST driver version for 92.0
Get LATEST driver version for 92.0
Trying to download new driver from https://github.com/mozilla/geckodriver/releases/download/v0.29.1/geckodriver-v0.29.1-macos.tar.gz
Driver has been saved in cache [/Users/m/.wdm/drivers/geckodriver/macos/v0.29.1]


====== WebDriver manager ======
Current firefox version is 92.0
Get LATEST driver version for 92.0
Driver [/Users/m/.wdm/drivers/geckodriver/macos/v0.29.1/geckodriver] found in cache


====== WebDriver manager ======
Current firefox version is 92.0
Get LATEST driver version for 92.0
Driver [/Users/m/.wdm/drivers/geckodriver/macos/v0.29.1/geckodriver] found in cache


====== WebDriver manager ======
Current firefox version is 92.0
Get LATEST driver version for 92.0
Driver [/Users/m/.wdm/drivers/geckodriver/macos/v0.29.1/geckodriver] found in cache


====== WebDriver manager ======
Current firefox version is 92.0
Get LATEST driver version for 92.0
Driver [/Users/m/.wdm/drivers/geckodriver/macos/v0.29.1/geckodriver] found in cache


====== WebDriver manager ======
Current firefox version is 92.0
Get LATEST driver version for 92.0
Driver [/Users/m/.wdm/drivers/geckodriver/macos/v0.29.1/geckodriver] found in cache
#####==========2021-09-14==========#####

START
execucao :  2020


execucao :  2021




receita -  previsto :  2020
receita -  previsto :  2021


receita -  arrecadado :  2020
receita -  arrecadado :  2021


2021-09-14
DONE!
#####==========2021-09-14==========#####



====== WebDriver manager ======
Current firefox version is 92.0
Get LATEST driver version for 92.0
Get LATEST driver version for 92.0
Getting latest mozilla release info for v0.29.1
Get LATEST driver version for 92.0
Get LATEST driver version for 92.0
Trying to download new driver from https://github.com/mozilla/geckodriver/releases/download/v0.29.1/geckodriver-v0.29.1-macos.tar.gz
Driver has been saved in cache [/Users/m/.wdm/drivers/geckodriver/macos/v0.29.1]


====== WebDriver manager ======
Current firefox version is 92.0
Get LATEST driver version for 92.0
Driver [/Users/m/.wdm/drivers/geckodriver/macos/v0.29.1/geckodriver] found in cache


====== WebDriver manager ======
Current firefox version is 92.0
Get LATEST driver version for 92.0
Driver [/Users/m/.wdm/drivers/geckodriver/macos/v0.29.1/geckodriver] found in cache


====== WebDriver manager ======
Current firefox version is 92.0
Get LATEST driver version for 92.0
Driver [/Users/m/.wdm/drivers/geckodriver/macos/v0.29.1/geckodriver] found in cache


====== WebDriver manager ======
Current firefox version is 92.0
Get LATEST driver version for 92.0
Driver [/Users/m/.wdm/drivers/geckodriver/macos/v0.29.1/geckodriver] found in cache


====== WebDriver manager ======
Current firefox version is 92.0
Get LATEST driver version for 92.0
Driver [/Users/m/.wdm/drivers/geckodriver/macos/v0.29.1/geckodriver] found in cache
#####==========2021-09-15==========#####

START
execucao :  2020


execucao :  2021




receita -  previsto :  2020
receita -  previsto :  2021


receita -  arrecadado :  2020
receita -  arrecadado :  2021


2021-09-15
DONE!
#####==========2021-09-15==========#####



====== WebDriver manager ======
Current firefox version is 92.0
Get LATEST driver version for 92.0
There is no [macos] geckodriver for browser 92.0 in cache
Get LATEST driver version for 92.0
Getting latest mozilla release info for v0.30.0
Get LATEST driver version for 92.0
Get LATEST driver version for 92.0
Trying to download new driver from https://github.com/mozilla/geckodriver/releases/download/v0.30.0/geckodriver-v0.30.0-macos.tar.gz
Driver has been saved in cache [/Users/m/.wdm/drivers/geckodriver/macos/v0.30.0]


====== WebDriver manager ======
Current firefox version is 92.0
Get LATEST driver version for 92.0
Driver [/Users/m/.wdm/drivers/geckodriver/macos/v0.30.0/geckodriver] found in cache


====== WebDriver manager ======
Current firefox version is 92.0
Get LATEST driver version for 92.0
Driver [/Users/m/.wdm/drivers/geckodriver/macos/v0.30.0/geckodriver] found in cache


====== WebDriver manager ======
Current firefox version is 92.0
Get LATEST driver version for 92.0
Driver [/Users/m/.wdm/drivers/geckodriver/macos/v0.30.0/geckodriver] found in cache


====== WebDriver manager ======
Current firefox version is 92.0
Get LATEST driver version for 92.0
Driver [/Users/m/.wdm/drivers/geckodriver/macos/v0.30.0/geckodriver] found in cache


====== WebDriver manager ======
Current firefox version is 92.0
Get LATEST driver version for 92.0
Driver [/Users/m/.wdm/drivers/geckodriver/macos/v0.30.0/geckodriver] found in cache
#####==========2021-09-16==========#####

START
execucao :  2020


execucao :  2021




receita -  previsto :  2020
receita -  previsto :  2021


receita -  arrecadado :  2020
receita -  arrecadado :  2021


2021-09-16
DONE!
#####==========2021-09-16==========#####



====== WebDriver manager ======
Current firefox version is 92.0
Get LATEST driver version for 92.0
Get LATEST driver version for 92.0
Getting latest mozilla release info for v0.30.0
Get LATEST driver version for 92.0
Get LATEST driver version for 92.0
Trying to download new driver from https://github.com/mozilla/geckodriver/releases/download/v0.30.0/geckodriver-v0.30.0-macos.tar.gz
Driver has been saved in cache [/Users/m/.wdm/drivers/geckodriver/macos/v0.30.0]


====== WebDriver manager ======
Current firefox version is 92.0
Get LATEST driver version for 92.0
Driver [/Users/m/.wdm/drivers/geckodriver/macos/v0.30.0/geckodriver] found in cache


====== WebDriver manager ======
Current firefox version is 92.0
Get LATEST driver version for 92.0
Driver [/Users/m/.wdm/drivers/geckodriver/macos/v0.30.0/geckodriver] found in cache


====== WebDriver manager ======
Current firefox version is 92.0
Get LATEST driver version for 92.0
Driver [/Users/m/.wdm/drivers/geckodriver/macos/v0.30.0/geckodriver] found in cache


====== WebDriver manager ======
Current firefox version is 92.0
Get LATEST driver version for 92.0
Driver [/Users/m/.wdm/drivers/geckodriver/macos/v0.30.0/geckodriver] found in cache


====== WebDriver manager ======
Current firefox version is 92.0
Get LATEST driver version for 92.0
Driver [/Users/m/.wdm/drivers/geckodriver/macos/v0.30.0/geckodriver] found in cache
#####==========2021-09-17==========#####

START
execucao :  2020


execucao :  2021




receita -  previsto :  2020
receita -  previsto :  2021


receita -  arrecadado :  2020
receita -  arrecadado :  2021


2021-09-17
DONE!
#####==========2021-09-17==========#####



====== WebDriver manager ======
Current firefox version is 92.0
Get LATEST driver version for 92.0
Get LATEST driver version for 92.0
Getting latest mozilla release info for v0.30.0
Get LATEST driver version for 92.0
Get LATEST driver version for 92.0
Trying to download new driver from https://github.com/mozilla/geckodriver/releases/download/v0.30.0/geckodriver-v0.30.0-macos.tar.gz
Driver has been saved in cache [/Users/m/.wdm/drivers/geckodriver/macos/v0.30.0]


====== WebDriver manager ======
Current firefox version is 92.0
Get LATEST driver version for 92.0
Driver [/Users/m/.wdm/drivers/geckodriver/macos/v0.30.0/geckodriver] found in cache


====== WebDriver manager ======
Current firefox version is 92.0
Get LATEST driver version for 92.0
Driver [/Users/m/.wdm/drivers/geckodriver/macos/v0.30.0/geckodriver] found in cache


====== WebDriver manager ======
Current firefox version is 92.0
Get LATEST driver version for 92.0
Driver [/Users/m/.wdm/drivers/geckodriver/macos/v0.30.0/geckodriver] found in cache


====== WebDriver manager ======
Current firefox version is 92.0
Get LATEST driver version for 92.0
Driver [/Users/m/.wdm/drivers/geckodriver/macos/v0.30.0/geckodriver] found in cache


====== WebDriver manager ======
Current firefox version is 92.0
Get LATEST driver version for 92.0
Driver [/Users/m/.wdm/drivers/geckodriver/macos/v0.30.0/geckodriver] found in cache
#####==========2021-09-18==========#####

START
execucao :  2020


execucao :  2021




receita -  previsto :  2020
receita -  previsto :  2021


receita -  arrecadado :  2020
receita -  arrecadado :  2021


2021-09-18
DONE!
#####==========2021-09-18==========#####



====== WebDriver manager ======
Current firefox version is 92.0
Get LATEST driver version for 92.0
Get LATEST driver version for 92.0
Getting latest mozilla release info for v0.30.0
Get LATEST driver version for 92.0
Get LATEST driver version for 92.0
Trying to download new driver from https://github.com/mozilla/geckodriver/releases/download/v0.30.0/geckodriver-v0.30.0-macos.tar.gz
Driver has been saved in cache [/Users/m/.wdm/drivers/geckodriver/macos/v0.30.0]


====== WebDriver manager ======
Current firefox version is 92.0
Get LATEST driver version for 92.0
Driver [/Users/m/.wdm/drivers/geckodriver/macos/v0.30.0/geckodriver] found in cache


====== WebDriver manager ======
Current firefox version is 92.0
Get LATEST driver version for 92.0
Driver [/Users/m/.wdm/drivers/geckodriver/macos/v0.30.0/geckodriver] found in cache


====== WebDriver manager ======
Current firefox version is 92.0
Get LATEST driver version for 92.0
Driver [/Users/m/.wdm/drivers/geckodriver/macos/v0.30.0/geckodriver] found in cache


====== WebDriver manager ======
Current firefox version is 92.0
Get LATEST driver version for 92.0
Driver [/Users/m/.wdm/drivers/geckodriver/macos/v0.30.0/geckodriver] found in cache


====== WebDriver manager ======
Current firefox version is 92.0
Get LATEST driver version for 92.0
Driver [/Users/m/.wdm/drivers/geckodriver/macos/v0.30.0/geckodriver] found in cache
#####==========2021-09-19==========#####

START
execucao :  2020


execucao :  2021




receita -  previsto :  2020
receita -  previsto :  2021


receita -  arrecadado :  2020
receita -  arrecadado :  2021


2021-09-19
DONE!
#####==========2021-09-19==========#####



====== WebDriver manager ======
Current firefox version is 92.0
Get LATEST driver version for 92.0
Get LATEST driver version for 92.0
Getting latest mozilla release info for v0.30.0
Get LATEST driver version for 92.0
Get LATEST driver version for 92.0
Trying to download new driver from https://github.com/mozilla/geckodriver/releases/download/v0.30.0/geckodriver-v0.30.0-macos.tar.gz
Driver has been saved in cache [/Users/m/.wdm/drivers/geckodriver/macos/v0.30.0]


====== WebDriver manager ======
Current firefox version is 92.0
Get LATEST driver version for 92.0
Driver [/Users/m/.wdm/drivers/geckodriver/macos/v0.30.0/geckodriver] found in cache


====== WebDriver manager ======
Current firefox version is 92.0
Get LATEST driver version for 92.0
Driver [/Users/m/.wdm/drivers/geckodriver/macos/v0.30.0/geckodriver] found in cache


====== WebDriver manager ======
Current firefox version is 92.0
Get LATEST driver version for 92.0
Driver [/Users/m/.wdm/drivers/geckodriver/macos/v0.30.0/geckodriver] found in cache


====== WebDriver manager ======
Current firefox version is 92.0
Get LATEST driver version for 92.0
Driver [/Users/m/.wdm/drivers/geckodriver/macos/v0.30.0/geckodriver] found in cache


====== WebDriver manager ======
Current firefox version is 92.0
Get LATEST driver version for 92.0
Driver [/Users/m/.wdm/drivers/geckodriver/macos/v0.30.0/geckodriver] found in cache
#####==========2021-09-20==========#####

START
execucao :  2020


execucao :  2021




receita -  previsto :  2020
receita -  previsto :  2021


receita -  arrecadado :  2020
receita -  arrecadado :  2021


2021-09-20
DONE!
#####==========2021-09-20==========#####



====== WebDriver manager ======
Current firefox version is 92.0
Get LATEST driver version for 92.0
Get LATEST driver version for 92.0
Getting latest mozilla release info for v0.30.0
Get LATEST driver version for 92.0
Get LATEST driver version for 92.0
Trying to download new driver from https://github.com/mozilla/geckodriver/releases/download/v0.30.0/geckodriver-v0.30.0-macos.tar.gz
Driver has been saved in cache [/Users/m/.wdm/drivers/geckodriver/macos/v0.30.0]


====== WebDriver manager ======
Current firefox version is 92.0
Get LATEST driver version for 92.0
Driver [/Users/m/.wdm/drivers/geckodriver/macos/v0.30.0/geckodriver] found in cache


====== WebDriver manager ======
Current firefox version is 92.0
Get LATEST driver version for 92.0
Driver [/Users/m/.wdm/drivers/geckodriver/macos/v0.30.0/geckodriver] found in cache


====== WebDriver manager ======
Current firefox version is 92.0
Get LATEST driver version for 92.0
Driver [/Users/m/.wdm/drivers/geckodriver/macos/v0.30.0/geckodriver] found in cache


====== WebDriver manager ======
Current firefox version is 92.0
Get LATEST driver version for 92.0
Driver [/Users/m/.wdm/drivers/geckodriver/macos/v0.30.0/geckodriver] found in cache


====== WebDriver manager ======
Current firefox version is 92.0
Get LATEST driver version for 92.0
Driver [/Users/m/.wdm/drivers/geckodriver/macos/v0.30.0/geckodriver] found in cache
#####==========2021-09-21==========#####

START
execucao :  2020


execucao :  2021




receita -  previsto :  2020
receita -  previsto :  2021


receita -  arrecadado :  2020
receita -  arrecadado :  2021


2021-09-21
DONE!
#####==========2021-09-21==========#####



====== WebDriver manager ======
Current firefox version is 92.0
Get LATEST driver version for 92.0
Get LATEST driver version for 92.0
Getting latest mozilla release info for v0.30.0
Get LATEST driver version for 92.0
Get LATEST driver version for 92.0
Trying to download new driver from https://github.com/mozilla/geckodriver/releases/download/v0.30.0/geckodriver-v0.30.0-macos.tar.gz
Driver has been saved in cache [/Users/m/.wdm/drivers/geckodriver/macos/v0.30.0]


====== WebDriver manager ======
Current firefox version is 92.0
Get LATEST driver version for 92.0
Driver [/Users/m/.wdm/drivers/geckodriver/macos/v0.30.0/geckodriver] found in cache


====== WebDriver manager ======
Current firefox version is 92.0
Get LATEST driver version for 92.0
Driver [/Users/m/.wdm/drivers/geckodriver/macos/v0.30.0/geckodriver] found in cache
#####==========2021-09-22==========#####

START
execucao :  2020


execucao :  2021




receita -  previsto :  2020
Traceback (most recent call last):
  File "/Users/m/gabinite_sv/orcamento_sp/notebooks/run.py", line 90, in <module>
    main()
  File "/Users/m/gabinite_sv/orcamento_sp/notebooks/run.py", line 82, in main
    upload_bigQuerry()
  File "/Users/m/gabinite_sv/orcamento_sp/notebooks/run.py", line 27, in upload_bigQuerry
    io.get_orcamento_receita("previsto")
  File "../scripts/io.py", line 257, in get_orcamento_receita
    firefox.find_element_by_name("ctl00$ContentPlaceHolder1$btnExcel").click()
  File "/Users/m/gabinite_sv/orcamento_sp/.orcamento_sp/lib/python3.9/site-packages/selenium/webdriver/remote/webdriver.py", line 496, in find_element_by_name
    return self.find_element(by=By.NAME, value=name)
  File "/Users/m/gabinite_sv/orcamento_sp/.orcamento_sp/lib/python3.9/site-packages/selenium/webdriver/remote/webdriver.py", line 976, in find_element
    return self.execute(Command.FIND_ELEMENT, {
  File "/Users/m/gabinite_sv/orcamento_sp/.orcamento_sp/lib/python3.9/site-packages/selenium/webdriver/remote/webdriver.py", line 321, in execute
    self.error_handler.check_response(response)
  File "/Users/m/gabinite_sv/orcamento_sp/.orcamento_sp/lib/python3.9/site-packages/selenium/webdriver/remote/errorhandler.py", line 241, in check_response
    raise exception_class(message, screen, stacktrace, alert_text)
selenium.common.exceptions.UnexpectedAlertPresentException: Alert Text: None
Message: Dismissed user prompt dialog:  
 Informe a(s) fase(s)

